#
# A fatal error has been detected by the Java Runtime Environment:
#
#  SIGBUS (0x7) at pc=0x00007f47a9e544e2, pid=22482, tid=0x00007f47ad5c8700
#
# JRE version: Java(TM) SE Runtime Environment (8.0_171-b11) (build 1.8.0_171-b11)
# Java VM: Java HotSpot(TM) 64-Bit Server VM (25.171-b11 mixed mode linux-amd64 compressed oops)
# Problematic frame:
# C  [libzip.so+0x124e2]  newEntry+0x62
#
# Failed to write core dump. Core dumps have been disabled. To enable core dumping, try "ulimit -c unlimited" before starting Java again
#
# If you would like to submit a bug report, please visit:
#   http://bugreport.java.com/bugreport/crash.jsp
# The crash happened outside the Java Virtual Machine in native code.
# See problematic frame for where to report the bug.
#

---------------  T H R E A D  ---------------

Current thread (0x00007f47a400f800):  JavaThread "main" [_thread_in_native, id=22484, stack(0x00007f47ad4c9000,0x00007f47ad5c9000)]

siginfo: si_signo: 7 (SIGBUS), si_code: 2 (BUS_ADRERR), si_addr: 0x00007f479400084c

Registers:
RAX=0x00007f47a49f8560, RBX=0x00007f47a412d4a0, RCX=0x00007f47a40008d0, RDX=0x00007f47a49f8560
RSP=0x00007f47ad5c5be0, RBP=0x00007f47ad5c5c30, RSI=0x00007f47a40008e8, RDI=0x00007f47a49f8620
R8 =0x0000000000000000, R9 =0x00007f47ad5c5cb0, R10=0x00007f4795020a7c, R11=0x00007f47ac36a3b0
R12=0x00007f479400082f, R13=0x00007f47a49f8560, R14=0x000000004eecb6d3, R15=0x00007f47a412d370
RIP=0x00007f47a9e544e2, EFLAGS=0x0000000000010202, CSGSFS=0x002b000000000033, ERR=0x0000000000000004
  TRAPNO=0x000000000000000e

Top of Stack: (sp=0x00007f47ad5c5be0)
0x00007f47ad5c5be0:   00007f47ad5c5c70 00007f4700000000
0x00007f47ad5c5bf0:   00000007c00007a8 00007f47ac284ede
0x00007f47ad5c5c00:   00007f47a49f8560 00007f47a412d4a0
0x00007f47ad5c5c10:   00007f47a4aa69e0 00007f47a412d370
0x00007f47ad5c5c20:   000000004eecb6d3 0000000000000010
0x00007f47ad5c5c30:   00007f47ad5c5c90 00007f47a9e54c3f
0x00007f47ad5c5c40:   00007f47a400f800 00007f47ac16c271
0x00007f47ad5c5c50:   00007f47ad5c5cb0 00007f47ad5c5cc1
0x00007f47ad5c5c60:   00007f47ad5c5cbf 00007f47ad5c5cb0
0x00007f47ad5c5c70:   0000000000000010 00007f47a400f9f8
0x00007f47ad5c5c80:   00007f47ad5c6188 0000000000000000
0x00007f47ad5c5c90:   00007f47ad5c60f0 00007f47a9e45e90
0x00007f47ad5c5ca0:   00007f47ad5c5f00 00007f47a412d370
0x00007f47ad5c5cb0:   73706f7250636f64 6c6d782e7070612f
0x00007f47ad5c5cc0:   00007f47ad5c5e00 00007f47ad5c5e60
0x00007f47ad5c5cd0:   00007f47ad5c5db0 00007f47ac933720
0x00007f47ad5c5ce0:   00007f47ad5c5d70 00007f47a40cabb0
0x00007f47ad5c5cf0:   00007f47949543d8 00007f47ad5c5e40
0x00007f47ad5c5d00:   00007f47ad5c5d90 00007f47ad5c5e70
0x00007f47ad5c5d10:   00007f47ad5c5e90 00007f47ac16c271
0x00007f47ad5c5d20:   00007f47ad5c5e00 00007f47ac16bfba
0x00007f47ad5c5d30:   00007f479491e6a0 0000000000000000
0x00007f47ad5c5d40:   00007f47ad5c5fa0 00007f47ac143479
0x00007f47ad5c5d50:   00007f47ad5c5ed0 00007f47ac16c03a
0x00007f47ad5c5d60:   00007f47a40cabb0 00007f47a400f800
0x00007f47ad5c5d70:   00007f47ad5c5f20 00007f47ac16c271
0x00007f47ad5c5d80:   00007f47ad5c5e10 00007f47ac16bfba
0x00007f47ad5c5d90:   00007f4794a18d98 0000000000000000
0x00007f47ad5c5da0:   00007f47ad5c6000 00007f47ac143479
0x00007f47ad5c5db0:   00007f47a400f800 00007f47a40cabb0
0x00007f47ad5c5dc0:   00007f47a40100b0 00007f47a40100e0
0x00007f47ad5c5dd0:   00007f47a4010198 00007f47ad5c5f20 

Instructions: (pc=0x00007f47a9e544e2)
0x00007f47a9e544c2:   00 48 c7 40 28 00 00 00 00 41 80 7f 30 00 0f 84
0x00007f47a9e544d2:   8a 02 00 00 4c 8b 63 08 4d 2b 67 28 4d 03 67 18
0x00007f47a9e544e2:   41 0f b6 5c 24 1d 41 0f b6 44 24 1c c1 e3 08 09
0x00007f47a9e544f2:   c3 41 0f b6 44 24 1e 88 45 bd 41 0f b6 54 24 20 

Register to memory mapping:

RAX=0x00007f47a49f8560 is an unknown value
RBX=0x00007f47a412d4a0 is an unknown value
RCX=0x00007f47a40008d0 is an unknown value
RDX=0x00007f47a49f8560 is an unknown value
RSP=0x00007f47ad5c5be0 is pointing into the stack for thread: 0x00007f47a400f800
RBP=0x00007f47ad5c5c30 is pointing into the stack for thread: 0x00007f47a400f800
RSI=0x00007f47a40008e8 is an unknown value
RDI=0x00007f47a49f8620 is an unknown value
R8 =0x0000000000000000 is an unknown value
R9 =0x00007f47ad5c5cb0 is pointing into the stack for thread: 0x00007f47a400f800
R10=0x00007f4795020a7c is at code_begin+1596 in an Interpreter codelet
method entry point (kind = native)  [0x00007f4795020440, 0x00007f4795021420]  4064 bytes
R11=0x00007f47ac36a3b0: <offset 0x9cc3b0> in /usr/lib/jvm/java-8-oracle/jre/lib/amd64/server/libjvm.so at 0x00007f47ab99e000
R12=0x00007f479400082f is an unknown value
R13=0x00007f47a49f8560 is an unknown value
R14=0x000000004eecb6d3 is an unknown value
R15=0x00007f47a412d370 is an unknown value


Stack: [0x00007f47ad4c9000,0x00007f47ad5c9000],  sp=0x00007f47ad5c5be0,  free space=1010k
Native frames: (J=compiled Java code, j=interpreted, Vv=VM code, C=native code)
C  [libzip.so+0x124e2]  newEntry+0x62
C  [libzip.so+0x12c3f]  ZIP_GetEntry2+0xff
C  [libzip.so+0x3e90]  Java_java_util_zip_ZipFile_getEntry+0xf0
j  java.util.zip.ZipFile.getEntry(J[BZ)J+0
j  java.util.zip.ZipFile.getInputStream(Ljava/util/zip/ZipEntry;)Ljava/io/InputStream;+88
j  org.apache.poi.openxml4j.util.ZipFileZipEntrySource.getInputStream(Ljava/util/zip/ZipEntry;)Ljava/io/InputStream;+22
j  org.apache.poi.openxml4j.opc.ZipPackagePart.getInputStreamImpl()Ljava/io/InputStream;+14
j  org.apache.poi.openxml4j.opc.PackagePart.getInputStream()Ljava/io/InputStream;+1
j  org.apache.poi.POIXMLProperties.<init>(Lorg/apache/poi/openxml4j/opc/OPCPackage;)V+70
j  org.apache.poi.POIXMLDocument.getProperties()Lorg/apache/poi/POIXMLProperties;+16
j  org.apache.poi.POIXMLDocument.write(Ljava/io/OutputStream;)V+20
j  utils.ExcelUtils.scriviValore(Ljava/lang/String;II)V+53
j  azioni.CreaCaso.casiMultipli()V+228
v  ~StubRoutines::call_stub
V  [libjvm.so+0x695b96]  JavaCalls::call_helper(JavaValue*, methodHandle*, JavaCallArguments*, Thread*)+0x1056
V  [libjvm.so+0x9a4677]  Reflection::invoke(instanceKlassHandle, methodHandle, Handle, bool, objArrayHandle, BasicType, objArrayHandle, bool, Thread*)+0x5d7
V  [libjvm.so+0x9a7d87]  Reflection::invoke_method(oopDesc*, Handle, objArrayHandle, Thread*)+0x147
V  [libjvm.so+0x727d4b]  JVM_InvokeMethod+0x26b
j  sun.reflect.NativeMethodAccessorImpl.invoke0(Ljava/lang/reflect/Method;Ljava/lang/Object;[Ljava/lang/Object;)Ljava/lang/Object;+0
j  sun.reflect.NativeMethodAccessorImpl.invoke(Ljava/lang/Object;[Ljava/lang/Object;)Ljava/lang/Object;+100
j  sun.reflect.DelegatingMethodAccessorImpl.invoke(Ljava/lang/Object;[Ljava/lang/Object;)Ljava/lang/Object;+6
j  java.lang.reflect.Method.invoke(Ljava/lang/Object;[Ljava/lang/Object;)Ljava/lang/Object;+56
j  org.testng.internal.MethodInvocationHelper.invokeMethod(Ljava/lang/reflect/Method;Ljava/lang/Object;[Ljava/lang/Object;)Ljava/lang/Object;+235
j  org.testng.internal.Invoker.invokeMethod(Ljava/lang/Object;Lorg/testng/ITestNGMethod;[Ljava/lang/Object;ILorg/testng/xml/XmlSuite;Ljava/util/Map;Lorg/testng/ITestClass;[Lorg/testng/ITestNGMethod;[Lorg/testng/ITestNGMethod;Lorg/testng/internal/ConfigurationGroupMethods;Lorg/testng/internal/Invoker$FailureContext;)Lorg/testng/ITestResult;+277
j  org.testng.internal.Invoker.invokeTestMethod(Ljava/lang/Object;Lorg/testng/ITestNGMethod;[Ljava/lang/Object;ILorg/testng/xml/XmlSuite;Ljava/util/Map;Lorg/testng/ITestClass;[Lorg/testng/ITestNGMethod;[Lorg/testng/ITestNGMethod;Lorg/testng/internal/ConfigurationGroupMethods;Lorg/testng/internal/Invoker$FailureContext;)Lorg/testng/ITestResult;+29
j  org.testng.internal.Invoker.invokeTestMethods(Lorg/testng/ITestNGMethod;Lorg/testng/xml/XmlSuite;Ljava/util/Map;Lorg/testng/internal/ConfigurationGroupMethods;Ljava/lang/Object;Lorg/testng/ITestContext;)Ljava/util/List;+675
j  org.testng.internal.TestMethodWorker.invokeTestMethods(Lorg/testng/ITestNGMethod;Ljava/lang/Object;Lorg/testng/ITestContext;)V+19
j  org.testng.internal.TestMethodWorker.run()V+60
j  org.testng.TestRunner.privateRun(Lorg/testng/xml/XmlTest;)V+323
j  org.testng.TestRunner.run()V+26
j  org.testng.SuiteRunner.runTest(Lorg/testng/TestRunner;)V+1
j  org.testng.SuiteRunner.runSequentially()V+31
j  org.testng.SuiteRunner.privateRun()V+282
j  org.testng.SuiteRunner.run()V+6
j  org.testng.SuiteRunnerWorker.runSuite(Lorg/testng/internal/SuiteRunnerMap;Lorg/testng/xml/XmlSuite;)V+89
j  org.testng.SuiteRunnerWorker.run()V+12
j  org.testng.TestNG.runSuitesSequentially(Lorg/testng/xml/XmlSuite;Lorg/testng/internal/SuiteRunnerMap;ILjava/lang/String;)V+66
j  org.testng.TestNG.runSuitesLocally()Ljava/util/List;+143
j  org.testng.TestNG.run()V+81
j  org.testng.remote.AbstractRemoteTestNG.run()V+149
j  org.testng.remote.RemoteTestNG.initAndRun(Lorg/testng/remote/IRemoteTestNG;[Ljava/lang/String;Lorg/testng/CommandLineArgs;Lorg/testng/remote/RemoteArgs;)V+184
j  org.testng.remote.RemoteTestNG.main([Ljava/lang/String;)V+201
v  ~StubRoutines::call_stub
V  [libjvm.so+0x695b96]  JavaCalls::call_helper(JavaValue*, methodHandle*, JavaCallArguments*, Thread*)+0x1056
V  [libjvm.so+0x6d7292]  jni_invoke_static(JNIEnv_*, JavaValue*, _jobject*, JNICallType, _jmethodID*, JNI_ArgumentPusher*, Thread*)+0x362
V  [libjvm.so+0x6f3afa]  jni_CallStaticVoidMethod+0x17a
C  [libjli.so+0x80ff]  JavaMain+0x81f
C  [libpthread.so.0+0x76db]  start_thread+0xdb

Java frames: (J=compiled Java code, j=interpreted, Vv=VM code)
j  java.util.zip.ZipFile.getEntry(J[BZ)J+0
j  java.util.zip.ZipFile.getInputStream(Ljava/util/zip/ZipEntry;)Ljava/io/InputStream;+88
j  org.apache.poi.openxml4j.util.ZipFileZipEntrySource.getInputStream(Ljava/util/zip/ZipEntry;)Ljava/io/InputStream;+22
j  org.apache.poi.openxml4j.opc.ZipPackagePart.getInputStreamImpl()Ljava/io/InputStream;+14
j  org.apache.poi.openxml4j.opc.PackagePart.getInputStream()Ljava/io/InputStream;+1
j  org.apache.poi.POIXMLProperties.<init>(Lorg/apache/poi/openxml4j/opc/OPCPackage;)V+70
j  org.apache.poi.POIXMLDocument.getProperties()Lorg/apache/poi/POIXMLProperties;+16
j  org.apache.poi.POIXMLDocument.write(Ljava/io/OutputStream;)V+20
j  utils.ExcelUtils.scriviValore(Ljava/lang/String;II)V+53
j  azioni.CreaCaso.casiMultipli()V+228
v  ~StubRoutines::call_stub
j  sun.reflect.NativeMethodAccessorImpl.invoke0(Ljava/lang/reflect/Method;Ljava/lang/Object;[Ljava/lang/Object;)Ljava/lang/Object;+0
j  sun.reflect.NativeMethodAccessorImpl.invoke(Ljava/lang/Object;[Ljava/lang/Object;)Ljava/lang/Object;+100
j  sun.reflect.DelegatingMethodAccessorImpl.invoke(Ljava/lang/Object;[Ljava/lang/Object;)Ljava/lang/Object;+6
j  java.lang.reflect.Method.invoke(Ljava/lang/Object;[Ljava/lang/Object;)Ljava/lang/Object;+56
j  org.testng.internal.MethodInvocationHelper.invokeMethod(Ljava/lang/reflect/Method;Ljava/lang/Object;[Ljava/lang/Object;)Ljava/lang/Object;+235
j  org.testng.internal.Invoker.invokeMethod(Ljava/lang/Object;Lorg/testng/ITestNGMethod;[Ljava/lang/Object;ILorg/testng/xml/XmlSuite;Ljava/util/Map;Lorg/testng/ITestClass;[Lorg/testng/ITestNGMethod;[Lorg/testng/ITestNGMethod;Lorg/testng/internal/ConfigurationGroupMethods;Lorg/testng/internal/Invoker$FailureContext;)Lorg/testng/ITestResult;+277
j  org.testng.internal.Invoker.invokeTestMethod(Ljava/lang/Object;Lorg/testng/ITestNGMethod;[Ljava/lang/Object;ILorg/testng/xml/XmlSuite;Ljava/util/Map;Lorg/testng/ITestClass;[Lorg/testng/ITestNGMethod;[Lorg/testng/ITestNGMethod;Lorg/testng/internal/ConfigurationGroupMethods;Lorg/testng/internal/Invoker$FailureContext;)Lorg/testng/ITestResult;+29
j  org.testng.internal.Invoker.invokeTestMethods(Lorg/testng/ITestNGMethod;Lorg/testng/xml/XmlSuite;Ljava/util/Map;Lorg/testng/internal/ConfigurationGroupMethods;Ljava/lang/Object;Lorg/testng/ITestContext;)Ljava/util/List;+675
j  org.testng.internal.TestMethodWorker.invokeTestMethods(Lorg/testng/ITestNGMethod;Ljava/lang/Object;Lorg/testng/ITestContext;)V+19
j  org.testng.internal.TestMethodWorker.run()V+60
j  org.testng.TestRunner.privateRun(Lorg/testng/xml/XmlTest;)V+323
j  org.testng.TestRunner.run()V+26
j  org.testng.SuiteRunner.runTest(Lorg/testng/TestRunner;)V+1
j  org.testng.SuiteRunner.runSequentially()V+31
j  org.testng.SuiteRunner.privateRun()V+282
j  org.testng.SuiteRunner.run()V+6
j  org.testng.SuiteRunnerWorker.runSuite(Lorg/testng/internal/SuiteRunnerMap;Lorg/testng/xml/XmlSuite;)V+89
j  org.testng.SuiteRunnerWorker.run()V+12
j  org.testng.TestNG.runSuitesSequentially(Lorg/testng/xml/XmlSuite;Lorg/testng/internal/SuiteRunnerMap;ILjava/lang/String;)V+66
j  org.testng.TestNG.runSuitesLocally()Ljava/util/List;+143
j  org.testng.TestNG.run()V+81
j  org.testng.remote.AbstractRemoteTestNG.run()V+149
j  org.testng.remote.RemoteTestNG.initAndRun(Lorg/testng/remote/IRemoteTestNG;[Ljava/lang/String;Lorg/testng/CommandLineArgs;Lorg/testng/remote/RemoteArgs;)V+184
j  org.testng.remote.RemoteTestNG.main([Ljava/lang/String;)V+201
v  ~StubRoutines::call_stub

---------------  P R O C E S S  ---------------

Java Threads: ( => current thread )
  0x00007f47a4761800 JavaThread "Okio Watchdog" daemon [_thread_blocked, id=22531, stack(0x00007f4784eb0000,0x00007f4784fb1000)]
  0x00007f47a4757000 JavaThread "OkHttp ConnectionPool" daemon [_thread_blocked, id=22530, stack(0x00007f4784fb1000,0x00007f47850b2000)]
  0x00007f473800e800 JavaThread "Exec Stream Pumper" daemon [_thread_in_native, id=22521, stack(0x00007f47853b3000,0x00007f47854b4000)]
  0x00007f473800d800 JavaThread "Exec Stream Pumper" daemon [_thread_in_native, id=22520, stack(0x00007f47854b4000,0x00007f47855b5000)]
  0x00007f473800a800 JavaThread "process reaper" daemon [_thread_in_native, id=22519, stack(0x00007f47855b5000,0x00007f47855ee000)]
  0x00007f47a4676800 JavaThread "Exec Default Executor" daemon [_thread_blocked, id=22517, stack(0x00007f47855ee000,0x00007f47856ef000)]
  0x00007f47a441e000 JavaThread "ReaderThread" [_thread_in_native, id=22512, stack(0x00007f47863ae000,0x00007f47864af000)]
  0x00007f47a40d6800 JavaThread "Service Thread" daemon [_thread_blocked, id=22508, stack(0x00007f47869e8000,0x00007f4786ae9000)]
  0x00007f47a40d3000 JavaThread "C1 CompilerThread2" daemon [_thread_blocked, id=22507, stack(0x00007f4786aea000,0x00007f4786bea000)]
  0x00007f47a40d1800 JavaThread "C2 CompilerThread1" daemon [_thread_blocked, id=22506, stack(0x00007f4786beb000,0x00007f4786ceb000)]
  0x00007f47a40ce800 JavaThread "C2 CompilerThread0" daemon [_thread_blocked, id=22505, stack(0x00007f4786cec000,0x00007f4786dec000)]
  0x00007f4768001000 JavaThread "JDWP Command Reader" daemon [_thread_in_native, id=22502, stack(0x00007f4786dec000,0x00007f4786eed000)]
  0x00007f47a40cc000 JavaThread "JDWP Event Helper Thread" daemon [_thread_blocked, id=22501, stack(0x00007f4786eed000,0x00007f4786fee000)]
  0x00007f47a40c8800 JavaThread "JDWP Transport Listener: dt_socket" daemon [_thread_blocked, id=22498, stack(0x00007f4786fee000,0x00007f47870ef000)]
  0x00007f47a40bb800 JavaThread "Signal Dispatcher" daemon [_thread_blocked, id=22496, stack(0x00007f47872f3000,0x00007f47873f4000)]
  0x00007f47a4089800 JavaThread "Finalizer" daemon [_thread_blocked, id=22495, stack(0x00007f47873f4000,0x00007f47874f5000)]
  0x00007f47a4085000 JavaThread "Reference Handler" daemon [_thread_blocked, id=22494, stack(0x00007f47874f5000,0x00007f47875f6000)]
=>0x00007f47a400f800 JavaThread "main" [_thread_in_native, id=22484, stack(0x00007f47ad4c9000,0x00007f47ad5c9000)]

Other Threads:
  0x00007f47a407d800 VMThread [stack: 0x00007f47875f7000,0x00007f47876f7000] [id=22493]
  0x00007f47a40dc000 WatcherThread [stack: 0x00007f47868e8000,0x00007f47869e8000] [id=22509]

VM state:not at safepoint (normal execution)

VM Mutex/Monitor currently owned by a thread: None

Heap:
 PSYoungGen      total 74752K, used 29159K [0x000000076d100000, 0x0000000772400000, 0x00000007c0000000)
  eden space 64512K, 45% used [0x000000076d100000,0x000000076ed79ff8,0x0000000771000000)
  from space 10240K, 0% used [0x0000000771a00000,0x0000000771a00000,0x0000000772400000)
  to   space 10240K, 0% used [0x0000000771000000,0x0000000771000000,0x0000000771a00000)
 ParOldGen       total 73216K, used 8457K [0x00000006c7200000, 0x00000006cb980000, 0x000000076d100000)
  object space 73216K, 11% used [0x00000006c7200000,0x00000006c7a42548,0x00000006cb980000)
 Metaspace       used 22886K, capacity 23664K, committed 23808K, reserved 1071104K
  class space    used 2843K, capacity 3028K, committed 3072K, reserved 1048576K

Card table byte_map: [0x00007f47a92ba000,0x00007f47a9a82000] byte_map_base: 0x00007f47a5c81000

Marking Bits: (ParMarkBitMap*) 0x00007f47ac96e280
 Begin Bits: [0x00007f4778390000, 0x00007f477c1c8000)
 End Bits:   [0x00007f477c1c8000, 0x00007f4780000000)

Polling page: 0x00007f47ad5eb000

CodeCache: size=245760Kb used=7653Kb max_used=7695Kb free=238106Kb
 bounds [0x00007f4795000000, 0x00007f4795790000, 0x00007f47a4000000]
 total_blobs=2821 nmethods=2386 adapters=356
 compilation: enabled

Compilation events (10 events):
Event: 36,863 Thread 0x00007f47a40d3000 2402       3       java.util.Formatter$FormatSpecifier::print (66 bytes)
Event: 36,863 Thread 0x00007f47a40d3000 nmethod 2402 0x00007f47957860d0 code [0x00007f47957862a0, 0x00007f4795786ab8]
Event: 36,863 Thread 0x00007f47a40d3000 2403   !   3       java.net.AbstractPlainSocketImpl::isClosedOrPending (34 bytes)
Event: 36,863 Thread 0x00007f47a40d3000 nmethod 2403 0x00007f4795786e10 code [0x00007f4795786f80, 0x00007f4795787350]
Event: 36,869 Thread 0x00007f47a40d3000 2404       3       java.util.TreeMap$PrivateEntryIterator::hasNext (13 bytes)
Event: 36,869 Thread 0x00007f47a40d3000 nmethod 2404 0x00007f4795787450 code [0x00007f47957875c0, 0x00007f4795787770]
Event: 36,869 Thread 0x00007f47a40d3000 2405       3       com.google.common.collect.SingletonImmutableSet::iterator (8 bytes)
Event: 36,869 Thread 0x00007f47a40d3000 nmethod 2405 0x00007f47957877d0 code [0x00007f4795787960, 0x00007f4795787cb0]
Event: 78,962 Thread 0x00007f47a40d3000 2406       3       java.util.ArrayDeque$DeqIterator::hasNext (17 bytes)
Event: 78,962 Thread 0x00007f47a40d3000 nmethod 2406 0x00007f4795787e50 code [0x00007f4795787fc0, 0x00007f4795788170]

GC Heap History (6 events):
Event: 3,493 GC heap before
{Heap before GC invocations=1 (full 0):
 PSYoungGen      total 74752K, used 64512K [0x000000076d100000, 0x0000000772400000, 0x00000007c0000000)
  eden space 64512K, 100% used [0x000000076d100000,0x0000000771000000,0x0000000771000000)
  from space 10240K, 0% used [0x0000000771a00000,0x0000000771a00000,0x0000000772400000)
  to   space 10240K, 0% used [0x0000000771000000,0x0000000771000000,0x0000000771a00000)
 ParOldGen       total 171008K, used 0K [0x00000006c7200000, 0x00000006d1900000, 0x000000076d100000)
  object space 171008K, 0% used [0x00000006c7200000,0x00000006c7200000,0x00000006d1900000)
 Metaspace       used 16984K, capacity 17696K, committed 17920K, reserved 1064960K
  class space    used 2087K, capacity 2270K, committed 2304K, reserved 1048576K
Event: 3,506 GC heap after
Heap after GC invocations=1 (full 0):
 PSYoungGen      total 74752K, used 10038K [0x000000076d100000, 0x0000000772400000, 0x00000007c0000000)
  eden space 64512K, 0% used [0x000000076d100000,0x000000076d100000,0x0000000771000000)
  from space 10240K, 98% used [0x0000000771000000,0x00000007719cd8b8,0x0000000771a00000)
  to   space 10240K, 0% used [0x0000000771a00000,0x0000000771a00000,0x0000000772400000)
 ParOldGen       total 171008K, used 80K [0x00000006c7200000, 0x00000006d1900000, 0x000000076d100000)
  object space 171008K, 0% used [0x00000006c7200000,0x00000006c7214010,0x00000006d1900000)
 Metaspace       used 16984K, capacity 17696K, committed 17920K, reserved 1064960K
  class space    used 2087K, capacity 2270K, committed 2304K, reserved 1048576K
}
Event: 10,437 GC heap before
{Heap before GC invocations=2 (full 0):
 PSYoungGen      total 74752K, used 33893K [0x000000076d100000, 0x0000000772400000, 0x00000007c0000000)
  eden space 64512K, 36% used [0x000000076d100000,0x000000076e84bf00,0x0000000771000000)
  from space 10240K, 98% used [0x0000000771000000,0x00000007719cd8b8,0x0000000771a00000)
  to   space 10240K, 0% used [0x0000000771a00000,0x0000000771a00000,0x0000000772400000)
 ParOldGen       total 171008K, used 80K [0x00000006c7200000, 0x00000006d1900000, 0x000000076d100000)
  object space 171008K, 0% used [0x00000006c7200000,0x00000006c7214010,0x00000006d1900000)
 Metaspace       used 20416K, capacity 21118K, committed 21248K, reserved 1067008K
  class space    used 2522K, capacity 2731K, committed 2816K, reserved 1048576K
Event: 10,444 GC heap after
Heap after GC invocations=2 (full 0):
 PSYoungGen      total 74752K, used 8617K [0x000000076d100000, 0x0000000772400000, 0x00000007c0000000)
  eden space 64512K, 0% used [0x000000076d100000,0x000000076d100000,0x0000000771000000)
  from space 10240K, 84% used [0x0000000771a00000,0x000000077226a420,0x0000000772400000)
  to   space 10240K, 0% used [0x0000000771000000,0x0000000771000000,0x0000000771a00000)
 ParOldGen       total 171008K, used 88K [0x00000006c7200000, 0x00000006d1900000, 0x000000076d100000)
  object space 171008K, 0% used [0x00000006c7200000,0x00000006c7216010,0x00000006d1900000)
 Metaspace       used 20416K, capacity 21118K, committed 21248K, reserved 1067008K
  class space    used 2522K, capacity 2731K, committed 2816K, reserved 1048576K
}
Event: 10,444 GC heap before
{Heap before GC invocations=3 (full 1):
 PSYoungGen      total 74752K, used 8617K [0x000000076d100000, 0x0000000772400000, 0x00000007c0000000)
  eden space 64512K, 0% used [0x000000076d100000,0x000000076d100000,0x0000000771000000)
  from space 10240K, 84% used [0x0000000771a00000,0x000000077226a420,0x0000000772400000)
  to   space 10240K, 0% used [0x0000000771000000,0x0000000771000000,0x0000000771a00000)
 ParOldGen       total 171008K, used 88K [0x00000006c7200000, 0x00000006d1900000, 0x000000076d100000)
  object space 171008K, 0% used [0x00000006c7200000,0x00000006c7216010,0x00000006d1900000)
 Metaspace       used 20416K, capacity 21118K, committed 21248K, reserved 1067008K
  class space    used 2522K, capacity 2731K, committed 2816K, reserved 1048576K
Event: 10,477 GC heap after
Heap after GC invocations=3 (full 1):
 PSYoungGen      total 74752K, used 0K [0x000000076d100000, 0x0000000772400000, 0x00000007c0000000)
  eden space 64512K, 0% used [0x000000076d100000,0x000000076d100000,0x0000000771000000)
  from space 10240K, 0% used [0x0000000771a00000,0x0000000771a00000,0x0000000772400000)
  to   space 10240K, 0% used [0x0000000771000000,0x0000000771000000,0x0000000771a00000)
 ParOldGen       total 73216K, used 8457K [0x00000006c7200000, 0x00000006cb980000, 0x000000076d100000)
  object space 73216K, 11% used [0x00000006c7200000,0x00000006c7a42548,0x00000006cb980000)
 Metaspace       used 20412K, capacity 21110K, committed 21248K, reserved 1067008K
  class space    used 2521K, capacity 2729K, committed 2816K, reserved 1048576K
}

Deoptimization events (10 events):
Event: 10,410 Thread 0x00007f47a400f800 Uncommon trap: reason=bimorphic action=maybe_recompile pc=0x00007f47954c5900 method=java.io.DataInputStream.readInt()I @ 4
Event: 10,505 Thread 0x00007f47a400f800 Uncommon trap: reason=unstable_if action=reinterpret pc=0x00007f4795534b2c method=java.net.URL.<init>(Ljava/net/URL;Ljava/lang/String;Ljava/net/URLStreamHandler;)V @ 233
Event: 10,551 Thread 0x00007f47a400f800 Uncommon trap: reason=predicate action=maybe_recompile pc=0x00007f479542df64 method=java.lang.String.regionMatches(ZILjava/lang/String;II)Z @ 63
Event: 10,630 Thread 0x00007f47a400f800 Uncommon trap: reason=unstable_if action=reinterpret pc=0x00007f47955ed8ec method=org.apache.xmlbeans.impl.store.Cur.isNormal()Z @ 60
Event: 10,630 Thread 0x00007f47a400f800 Uncommon trap: reason=unstable_if action=reinterpret pc=0x00007f47955e4468 method=org.apache.xmlbeans.impl.store.Cur.isNormal()Z @ 60
Event: 10,631 Thread 0x00007f47a400f800 Uncommon trap: reason=unstable_if action=reinterpret pc=0x00007f47955e4b04 method=org.apache.xmlbeans.impl.store.Xobj.bitIsSet(I)Z @ 6
Event: 27,252 Thread 0x00007f47a400f800 Uncommon trap: reason=bimorphic action=maybe_recompile pc=0x00007f47956881c8 method=java.util.regex.Pattern$5.isSatisfiedBy(I)Z @ 5
Event: 27,252 Thread 0x00007f47a400f800 Uncommon trap: reason=bimorphic action=maybe_recompile pc=0x00007f47956881c8 method=java.util.regex.Pattern$5.isSatisfiedBy(I)Z @ 5
Event: 27,252 Thread 0x00007f47a400f800 Uncommon trap: reason=bimorphic action=maybe_recompile pc=0x00007f47956881c8 method=java.util.regex.Pattern$5.isSatisfiedBy(I)Z @ 5
Event: 27,252 Thread 0x00007f47a400f800 Uncommon trap: reason=bimorphic action=maybe_recompile pc=0x00007f47956881c8 method=java.util.regex.Pattern$5.isSatisfiedBy(I)Z @ 5

Classes redefined (0 events):
No events

Internal exceptions (10 events):
Event: 52,245 Thread 0x00007f47a400f800 Exception <a 'java/net/SocketTimeoutException': Read timed out> (0x000000076e900f20) thrown at [/HUDSON/workspace/8-2-build-linux-amd64/jdk8u171/10807/hotspot/src/share/vm/prims/jni.cpp, line 735]
Event: 52,907 Thread 0x00007f47a400f800 Exception <a 'java/net/SocketTimeoutException': Read timed out> (0x000000076e91f3e0) thrown at [/HUDSON/workspace/8-2-build-linux-amd64/jdk8u171/10807/hotspot/src/share/vm/prims/jni.cpp, line 735]
Event: 52,935 Thread 0x00007f47a400f800 Exception <a 'java/net/SocketTimeoutException': Read timed out> (0x000000076e947498) thrown at [/HUDSON/workspace/8-2-build-linux-amd64/jdk8u171/10807/hotspot/src/share/vm/prims/jni.cpp, line 735]
Event: 53,711 Thread 0x00007f47a400f800 Exception <a 'java/net/SocketTimeoutException': Read timed out> (0x000000076e963920) thrown at [/HUDSON/workspace/8-2-build-linux-amd64/jdk8u171/10807/hotspot/src/share/vm/prims/jni.cpp, line 735]
Event: 53,738 Thread 0x00007f47a400f800 Exception <a 'java/net/SocketTimeoutException': Read timed out> (0x000000076e9896b8) thrown at [/HUDSON/workspace/8-2-build-linux-amd64/jdk8u171/10807/hotspot/src/share/vm/prims/jni.cpp, line 735]
Event: 57,232 Thread 0x00007f47a400f800 Exception <a 'java/net/SocketTimeoutException': Read timed out> (0x000000076e9a68c0) thrown at [/HUDSON/workspace/8-2-build-linux-amd64/jdk8u171/10807/hotspot/src/share/vm/prims/jni.cpp, line 735]
Event: 57,266 Thread 0x00007f47a400f800 Exception <a 'java/net/SocketTimeoutException': Read timed out> (0x000000076e9e2eb8) thrown at [/HUDSON/workspace/8-2-build-linux-amd64/jdk8u171/10807/hotspot/src/share/vm/prims/jni.cpp, line 735]
Event: 65,255 Thread 0x00007f47a400f800 Exception <a 'java/net/SocketTimeoutException': Read timed out> (0x000000076ea204a0) thrown at [/HUDSON/workspace/8-2-build-linux-amd64/jdk8u171/10807/hotspot/src/share/vm/prims/jni.cpp, line 735]
Event: 67,315 Thread 0x00007f47a400f800 Exception <a 'java/net/SocketTimeoutException': Read timed out> (0x000000076ea3d988) thrown at [/HUDSON/workspace/8-2-build-linux-amd64/jdk8u171/10807/hotspot/src/share/vm/prims/jni.cpp, line 735]
Event: 78,973 Thread 0x00007f47a400f800 Exception <a 'java/net/SocketTimeoutException': Read timed out> (0x000000076ea8c978) thrown at [/HUDSON/workspace/8-2-build-linux-amd64/jdk8u171/10807/hotspot/src/share/vm/prims/jni.cpp, line 735]

Events (10 events):
Event: 89,162 loading class org/openxmlformats/schemas/officeDocument/x2006/customProperties/PropertiesDocument
Event: 89,162 loading class org/openxmlformats/schemas/officeDocument/x2006/customProperties/PropertiesDocument done
Event: 89,165 loading class org/openxmlformats/schemas/officeDocument/x2006/customProperties/impl/PropertiesDocumentImpl
Event: 89,165 loading class org/openxmlformats/schemas/officeDocument/x2006/customProperties/impl/PropertiesDocumentImpl done
Event: 89,168 loading class org/openxmlformats/schemas/officeDocument/x2006/customProperties/impl/CTPropertiesImpl
Event: 89,169 loading class org/openxmlformats/schemas/officeDocument/x2006/customProperties/impl/CTPropertiesImpl done
Event: 89,170 loading class org/openxmlformats/schemas/officeDocument/x2006/customProperties/CTProperties
Event: 89,170 loading class org/openxmlformats/schemas/officeDocument/x2006/customProperties/CTProperties done
Event: 89,171 loading class org/apache/poi/POIXMLProperties$CoreProperties
Event: 89,171 loading class org/apache/poi/POIXMLProperties$CoreProperties done


Dynamic libraries:
00400000-00401000 r-xp 00000000 08:05 6562101                            /usr/lib/jvm/java-8-oracle/bin/java
00600000-00601000 rw-p 00000000 08:05 6562101                            /usr/lib/jvm/java-8-oracle/bin/java
02125000-02146000 rw-p 00000000 00:00 0                                  [heap]
6c7200000-6cb980000 rw-p 00000000 00:00 0 
6cb980000-76d100000 ---p 00000000 00:00 0 
76d100000-772400000 rw-p 00000000 00:00 0 
772400000-7c0000000 ---p 00000000 00:00 0 
7c0000000-7c0300000 rw-p 00000000 00:00 0 
7c0300000-800000000 ---p 00000000 00:00 0 
7f4720000000-7f4720021000 rw-p 00000000 00:00 0 
7f4720021000-7f4724000000 ---p 00000000 00:00 0 
7f4728000000-7f4728021000 rw-p 00000000 00:00 0 
7f4728021000-7f472c000000 ---p 00000000 00:00 0 
7f472c000000-7f472c021000 rw-p 00000000 00:00 0 
7f472c021000-7f4730000000 ---p 00000000 00:00 0 
7f4730000000-7f4730021000 rw-p 00000000 00:00 0 
7f4730021000-7f4734000000 ---p 00000000 00:00 0 
7f4734000000-7f4734021000 rw-p 00000000 00:00 0 
7f4734021000-7f4738000000 ---p 00000000 00:00 0 
7f4738000000-7f4738021000 rw-p 00000000 00:00 0 
7f4738021000-7f473c000000 ---p 00000000 00:00 0 
7f473c000000-7f473c021000 rw-p 00000000 00:00 0 
7f473c021000-7f4740000000 ---p 00000000 00:00 0 
7f4740000000-7f4740021000 rw-p 00000000 00:00 0 
7f4740021000-7f4744000000 ---p 00000000 00:00 0 
7f4744000000-7f4744021000 rw-p 00000000 00:00 0 
7f4744021000-7f4748000000 ---p 00000000 00:00 0 
7f4748fff000-7f474c000000 rw-p 00000000 00:00 0 
7f474c000000-7f474c2e3000 rw-p 00000000 00:00 0 
7f474c2e3000-7f4750000000 ---p 00000000 00:00 0 
7f4750000000-7f4750021000 rw-p 00000000 00:00 0 
7f4750021000-7f4754000000 ---p 00000000 00:00 0 
7f4754000000-7f4754aeb000 rw-p 00000000 00:00 0 
7f4754aeb000-7f4758000000 ---p 00000000 00:00 0 
7f4758000000-7f4758527000 rw-p 00000000 00:00 0 
7f4758527000-7f475c000000 ---p 00000000 00:00 0 
7f475c000000-7f475c021000 rw-p 00000000 00:00 0 
7f475c021000-7f4760000000 ---p 00000000 00:00 0 
7f4760000000-7f4760021000 rw-p 00000000 00:00 0 
7f4760021000-7f4764000000 ---p 00000000 00:00 0 
7f4764000000-7f4764021000 rw-p 00000000 00:00 0 
7f4764021000-7f4768000000 ---p 00000000 00:00 0 
7f4768000000-7f4768027000 rw-p 00000000 00:00 0 
7f4768027000-7f476c000000 ---p 00000000 00:00 0 
7f476c000000-7f476c021000 rw-p 00000000 00:00 0 
7f476c021000-7f4770000000 ---p 00000000 00:00 0 
7f4770000000-7f4770021000 rw-p 00000000 00:00 0 
7f4770021000-7f4774000000 ---p 00000000 00:00 0 
7f4774000000-7f4774021000 rw-p 00000000 00:00 0 
7f4774021000-7f4778000000 ---p 00000000 00:00 0 
7f4778390000-7f4780000000 rw-p 00000000 00:00 0 
7f4780000000-7f4780021000 rw-p 00000000 00:00 0 
7f4780021000-7f4784000000 ---p 00000000 00:00 0 
7f47848b0000-7f47848f0000 rw-p 00000000 00:00 0 
7f47848f0000-7f4784ab0000 ---p 00000000 00:00 0 
7f4784ab0000-7f4784cb0000 rw-p 00000000 00:00 0 
7f4784cb0000-7f4784eb0000 rw-p 00000000 00:00 0 
7f4784eb0000-7f4784eb3000 ---p 00000000 00:00 0 
7f4784eb3000-7f4784fb1000 rw-p 00000000 00:00 0 
7f4784fb1000-7f4784fb4000 ---p 00000000 00:00 0 
7f4784fb4000-7f47852b2000 rw-p 00000000 00:00 0 
7f47852b2000-7f47852b5000 ---p 00000000 00:00 0 
7f47852b5000-7f47853b3000 rw-p 00000000 00:00 0 
7f47853b3000-7f47853b6000 ---p 00000000 00:00 0 
7f47853b6000-7f47854b4000 rw-p 00000000 00:00 0 
7f47854b4000-7f47854b7000 ---p 00000000 00:00 0 
7f47854b7000-7f47855b5000 rw-p 00000000 00:00 0 
7f47855b5000-7f47855b8000 ---p 00000000 00:00 0 
7f47855b8000-7f47855ee000 rw-p 00000000 00:00 0 
7f47855ee000-7f47855f1000 ---p 00000000 00:00 0 
7f47855f1000-7f47858ef000 rw-p 00000000 00:00 0 
7f47858ef000-7f4785906000 r-xp 00000000 08:05 6034088                    /lib/x86_64-linux-gnu/libgcc_s.so.1
7f4785906000-7f4785b05000 ---p 00017000 08:05 6034088                    /lib/x86_64-linux-gnu/libgcc_s.so.1
7f4785b05000-7f4785b06000 r--p 00016000 08:05 6034088                    /lib/x86_64-linux-gnu/libgcc_s.so.1
7f4785b06000-7f4785b07000 rw-p 00017000 08:05 6034088                    /lib/x86_64-linux-gnu/libgcc_s.so.1
7f4785b0e000-7f4785b21000 r--s 00345000 08:05 6824688                    /usr/lib/jvm/java-8-oracle/jre/lib/resources.jar
7f4785b21000-7f4785b26000 r--s 0003f000 08:05 6824719                    /usr/lib/jvm/java-8-oracle/jre/lib/ext/sunjce_provider.jar
7f4785b26000-7f4785b58000 r-xp 00000000 08:05 6824817                    /usr/lib/jvm/java-8-oracle/jre/lib/amd64/libsunec.so
7f4785b58000-7f4785d57000 ---p 00032000 08:05 6824817                    /usr/lib/jvm/java-8-oracle/jre/lib/amd64/libsunec.so
7f4785d57000-7f4785d5d000 rw-p 00031000 08:05 6824817                    /usr/lib/jvm/java-8-oracle/jre/lib/amd64/libsunec.so
7f4785d5d000-7f4785f6d000 rw-p 00000000 00:00 0 
7f4785f6d000-7f4785f6f000 r--s 00009000 08:05 6824709                    /usr/lib/jvm/java-8-oracle/jre/lib/ext/sunec.jar
7f4785f6f000-7f4785f72000 r--s 0001a000 08:05 6824882                    /usr/lib/jvm/java-8-oracle/jre/lib/jce.jar
7f4785f72000-7f4785f83000 r-xp 00000000 08:05 6824869                    /usr/lib/jvm/java-8-oracle/jre/lib/amd64/libnio.so
7f4785f83000-7f4786182000 ---p 00011000 08:05 6824869                    /usr/lib/jvm/java-8-oracle/jre/lib/amd64/libnio.so
7f4786182000-7f4786183000 rw-p 00010000 08:05 6824869                    /usr/lib/jvm/java-8-oracle/jre/lib/amd64/libnio.so
7f4786183000-7f4786383000 rw-p 00000000 00:00 0 
7f4786383000-7f478638d000 r--s 00116000 08:05 6824718                    /usr/lib/jvm/java-8-oracle/jre/lib/ext/localedata.jar
7f478638d000-7f47863a9000 r--s 00393000 08:05 6824711                    /usr/lib/jvm/java-8-oracle/jre/lib/ext/cldrdata.jar
7f47863a9000-7f47863ae000 r--s 0009d000 08:05 6824707                    /usr/lib/jvm/java-8-oracle/jre/lib/jsse.jar
7f47863ae000-7f47863b1000 ---p 00000000 00:00 0 
7f47863b1000-7f47864af000 rw-p 00000000 00:00 0 
7f47864af000-7f47864c5000 r-xp 00000000 08:05 6824866                    /usr/lib/jvm/java-8-oracle/jre/lib/amd64/libnet.so
7f47864c5000-7f47866c5000 ---p 00016000 08:05 6824866                    /usr/lib/jvm/java-8-oracle/jre/lib/amd64/libnet.so
7f47866c5000-7f47866c6000 rw-p 00016000 08:05 6824866                    /usr/lib/jvm/java-8-oracle/jre/lib/amd64/libnet.so
7f47866c6000-7f47866cb000 r--s 00016000 08:05 137981                     /home/lisa/.m2/repository/xml-apis/xml-apis/1.0.b2/xml-apis-1.0.b2.jar
7f47866cb000-7f47866d0000 r--s 00048000 08:05 137979                     /home/lisa/.m2/repository/dom4j/dom4j/1.6.1/dom4j-1.6.1.jar
7f47866d0000-7f47866d2000 r--s 00005000 08:05 137977                     /home/lisa/.m2/repository/stax/stax-api/1.0.1/stax-api-1.0.1.jar
7f47866d2000-7f478670f000 r--s 0024f000 08:05 137975                     /home/lisa/.m2/repository/org/apache/xmlbeans/xmlbeans/2.3.0/xmlbeans-2.3.0.jar
7f478670f000-7f47867a1000 r--s 003ec000 08:05 137973                     /home/lisa/.m2/repository/org/apache/poi/poi-ooxml-schemas/3.8/poi-ooxml-schemas-3.8.jar
7f47867a1000-7f47867ad000 r--s 000d8000 08:05 137971                     /home/lisa/.m2/repository/org/apache/poi/poi-ooxml/3.8/poi-ooxml-3.8.jar
7f47867ad000-7f47867cd000 r--s 0019d000 08:05 137969                     /home/lisa/.m2/repository/org/apache/poi/poi/3.8/poi-3.8.jar
7f47867cd000-7f47867cf000 r--s 00009000 08:05 136524                     /home/lisa/.m2/repository/org/hamcrest/hamcrest-core/1.3/hamcrest-core-1.3.jar
7f47867cf000-7f47867d5000 r--s 00036000 08:05 136522                     /home/lisa/.m2/repository/junit/junit/4.11/junit-4.11.jar
7f47867d5000-7f47867da000 r--s 00040000 08:05 136530                     /home/lisa/.m2/repository/org/beanshell/bsh/2.0b4/bsh-2.0b4.jar
7f47867da000-7f47867e8000 r--s 000c7000 08:05 136526                     /home/lisa/.m2/repository/org/testng/testng/6.9.10/testng-6.9.10.jar
7f47867e8000-7f47867ed000 r--s 00060000 08:05 137664                     /home/lisa/.m2/repository/com/squareup/okhttp3/okhttp/3.10.0/okhttp-3.10.0.jar
7f47867ed000-7f478681f000 r--s 0026b000 08:05 137648                     /home/lisa/.m2/repository/com/google/guava/guava/25.0-jre/guava-25.0-jre.jar
7f478681f000-7f47868e7000 r--s 01358000 08:05 6561542                    /usr/lib/jvm/jdk1.8.0_171/src.zip
7f47868e7000-7f47868e8000 ---p 00000000 00:00 0 
7f47868e8000-7f47869e8000 rw-p 00000000 00:00 0 
7f47869e8000-7f47869eb000 ---p 00000000 00:00 0 
7f47869eb000-7f4786ae9000 rw-p 00000000 00:00 0 
7f4786ae9000-7f4786aea000 ---p 00000000 00:00 0 
7f4786aea000-7f4786aed000 ---p 00000000 00:00 0 
7f4786aed000-7f4786bea000 rw-p 00000000 00:00 0 
7f4786bea000-7f4786beb000 ---p 00000000 00:00 0 
7f4786beb000-7f4786bee000 ---p 00000000 00:00 0 
7f4786bee000-7f4786ceb000 rw-p 00000000 00:00 0 
7f4786ceb000-7f4786cec000 ---p 00000000 00:00 0 
7f4786cec000-7f4786cef000 ---p 00000000 00:00 0 
7f4786cef000-7f4786dec000 rw-p 00000000 00:00 0 
7f4786dec000-7f4786def000 ---p 00000000 00:00 0 
7f4786def000-7f4786eed000 rw-p 00000000 00:00 0 
7f4786eed000-7f4786ef0000 ---p 00000000 00:00 0 
7f4786ef0000-7f4786fee000 rw-p 00000000 00:00 0 
7f4786fee000-7f4786ff1000 ---p 00000000 00:00 0 
7f4786ff1000-7f47870ef000 rw-p 00000000 00:00 0 
7f47870ef000-7f47870f3000 r-xp 00000000 08:05 6824829                    /usr/lib/jvm/java-8-oracle/jre/lib/amd64/libdt_socket.so
7f47870f3000-7f47872f2000 ---p 00004000 08:05 6824829                    /usr/lib/jvm/java-8-oracle/jre/lib/amd64/libdt_socket.so
7f47872f2000-7f47872f3000 rw-p 00003000 08:05 6824829                    /usr/lib/jvm/java-8-oracle/jre/lib/amd64/libdt_socket.so
7f47872f3000-7f47872f6000 ---p 00000000 00:00 0 
7f47872f6000-7f47873f4000 rw-p 00000000 00:00 0 
7f47873f4000-7f47873f7000 ---p 00000000 00:00 0 
7f47873f7000-7f47874f5000 rw-p 00000000 00:00 0 
7f47874f5000-7f47874f8000 ---p 00000000 00:00 0 
7f47874f8000-7f47875f6000 rw-p 00000000 00:00 0 
7f47875f6000-7f47875f7000 ---p 00000000 00:00 0 
7f47875f7000-7f4788000000 rw-p 00000000 00:00 0 
7f4788000000-7f4788021000 rw-p 00000000 00:00 0 
7f4788021000-7f478c000000 ---p 00000000 00:00 0 
7f478c000000-7f478c021000 rw-p 00000000 00:00 0 
7f478c021000-7f4790000000 ---p 00000000 00:00 0 
7f4790000000-7f4790021000 rw-p 00000000 00:00 0 
7f4790021000-7f4794000000 ---p 00000000 00:00 0 
7f4794000000-7f4794001000 r--s 00001000 08:05 137880                     /home/lisa/vodafone_selenium/vodafone-selenium-form/src/main/resources/excelVodafone.xlsx
7f4794001000-7f4794003000 r--s 0000e000 08:05 136528                     /home/lisa/.m2/repository/com/beust/jcommander/1.48/jcommander-1.48.jar
7f4794003000-7f4794004000 r--s 00014000 08:05 137666                     /home/lisa/.m2/repository/com/squareup/okio/okio/1.14.1/okio-1.14.1.jar
7f4794004000-7f479400b000 r--s 00049000 08:05 137662                     /home/lisa/.m2/repository/org/apache/httpcomponents/httpcore/4.4.9/httpcore-4.4.9.jar
7f479400b000-7f4794019000 r--s 000ae000 08:05 137660                     /home/lisa/.m2/repository/org/apache/httpcomponents/httpclient/4.5.5/httpclient-4.5.5.jar
7f4794019000-7f479401b000 r--s 00001000 08:05 137656                     /home/lisa/.m2/repository/com/google/j2objc/j2objc-annotations/1.1/j2objc-annotations-1.1.jar
7f479401b000-7f479401d000 r--s 00002000 08:05 137654                     /home/lisa/.m2/repository/com/google/errorprone/error_prone_annotations/2.1.3/error_prone_annotations-2.1.3.jar
7f479401d000-7f4794020000 r--s 00006000 08:05 137650                     /home/lisa/.m2/repository/com/google/code/findbugs/jsr305/1.3.9/jsr305-1.3.9.jar
7f4794020000-7f4794626000 rw-p 00000000 00:00 0 
7f4794626000-7f4794800000 r--s 03d68000 08:05 6824650                    /usr/lib/jvm/java-8-oracle/jre/lib/rt.jar
7f4794800000-7f4795000000 rw-p 00000000 00:00 0 
7f4795000000-7f4795790000 rwxp 00000000 00:00 0 
7f4795790000-7f47a4000000 ---p 00000000 00:00 0 
7f47a4000000-7f47a4d30000 rw-p 00000000 00:00 0 
7f47a4d30000-7f47a8000000 ---p 00000000 00:00 0 
7f47a8000000-7f47a8002000 r--s 00006000 08:05 137652                     /home/lisa/.m2/repository/org/checkerframework/checker-compat-qual/2.0.0/checker-compat-qual-2.0.0.jar
7f47a8002000-7f47a8007000 r--s 00036000 08:05 137646                     /home/lisa/.m2/repository/com/google/code/gson/gson/2.8.4/gson-2.8.4.jar
7f47a8007000-7f47a8009000 r--s 0000e000 08:05 136582                     /home/lisa/.m2/repository/commons-logging/commons-logging/1.2/commons-logging-1.2.jar
7f47a8009000-7f47a8010000 r--s 0003f000 08:05 136568                     /home/lisa/.m2/repository/commons-codec/commons-codec/1.10/commons-codec-1.10.jar
7f47a8010000-7f47a8050000 r--s 002a4000 08:05 137644                     /home/lisa/.m2/repository/net/bytebuddy/byte-buddy/1.8.3/byte-buddy-1.8.3.jar
7f47a8050000-7f47a8055000 r--s 00021000 08:05 137642                     /home/lisa/.m2/repository/org/seleniumhq/selenium/selenium-support/3.13.0/selenium-support-3.13.0.jar
7f47a8055000-7f47a8986000 rw-p 00000000 00:00 0 
7f47a8986000-7f47a8987000 ---p 00000000 00:00 0 
7f47a8987000-7f47a8a87000 rw-p 00000000 00:00 0 
7f47a8a87000-7f47a8a88000 ---p 00000000 00:00 0 
7f47a8a88000-7f47a8b88000 rw-p 00000000 00:00 0 
7f47a8b88000-7f47a8b89000 ---p 00000000 00:00 0 
7f47a8b89000-7f47a8c89000 rw-p 00000000 00:00 0 
7f47a8c89000-7f47a8c8a000 ---p 00000000 00:00 0 
7f47a8c8a000-7f47a8dae000 rw-p 00000000 00:00 0 
7f47a8dae000-7f47a92ba000 ---p 00000000 00:00 0 
7f47a92ba000-7f47a92de000 rw-p 00000000 00:00 0 
7f47a92de000-7f47a97e9000 ---p 00000000 00:00 0 
7f47a97e9000-7f47a9813000 rw-p 00000000 00:00 0 
7f47a9813000-7f47a9a81000 ---p 00000000 00:00 0 
7f47a9a81000-7f47a9aa1000 rw-p 00000000 00:00 0 
7f47a9aa1000-7f47a9e42000 ---p 00000000 00:00 0 
7f47a9e42000-7f47a9e5d000 r-xp 00000000 08:05 6824862                    /usr/lib/jvm/java-8-oracle/jre/lib/amd64/libzip.so
7f47a9e5d000-7f47aa05d000 ---p 0001b000 08:05 6824862                    /usr/lib/jvm/java-8-oracle/jre/lib/amd64/libzip.so
7f47aa05d000-7f47aa05e000 rw-p 0001b000 08:05 6824862                    /usr/lib/jvm/java-8-oracle/jre/lib/amd64/libzip.so
7f47aa05e000-7f47aa069000 r-xp 00000000 08:05 6034141                    /lib/x86_64-linux-gnu/libnss_files-2.27.so
7f47aa069000-7f47aa268000 ---p 0000b000 08:05 6034141                    /lib/x86_64-linux-gnu/libnss_files-2.27.so
7f47aa268000-7f47aa269000 r--p 0000a000 08:05 6034141                    /lib/x86_64-linux-gnu/libnss_files-2.27.so
7f47aa269000-7f47aa26a000 rw-p 0000b000 08:05 6034141                    /lib/x86_64-linux-gnu/libnss_files-2.27.so
7f47aa26a000-7f47aa270000 rw-p 00000000 00:00 0 
7f47aa270000-7f47aa287000 r-xp 00000000 08:05 6034135                    /lib/x86_64-linux-gnu/libnsl-2.27.so
7f47aa287000-7f47aa486000 ---p 00017000 08:05 6034135                    /lib/x86_64-linux-gnu/libnsl-2.27.so
7f47aa486000-7f47aa487000 r--p 00016000 08:05 6034135                    /lib/x86_64-linux-gnu/libnsl-2.27.so
7f47aa487000-7f47aa488000 rw-p 00017000 08:05 6034135                    /lib/x86_64-linux-gnu/libnsl-2.27.so
7f47aa488000-7f47aa48a000 rw-p 00000000 00:00 0 
7f47aa48a000-7f47aa495000 r-xp 00000000 08:05 6034151                    /lib/x86_64-linux-gnu/libnss_nis-2.27.so
7f47aa495000-7f47aa694000 ---p 0000b000 08:05 6034151                    /lib/x86_64-linux-gnu/libnss_nis-2.27.so
7f47aa694000-7f47aa695000 r--p 0000a000 08:05 6034151                    /lib/x86_64-linux-gnu/libnss_nis-2.27.so
7f47aa695000-7f47aa696000 rw-p 0000b000 08:05 6034151                    /lib/x86_64-linux-gnu/libnss_nis-2.27.so
7f47aa696000-7f47aa69e000 r-xp 00000000 08:05 6034137                    /lib/x86_64-linux-gnu/libnss_compat-2.27.so
7f47aa69e000-7f47aa89e000 ---p 00008000 08:05 6034137                    /lib/x86_64-linux-gnu/libnss_compat-2.27.so
7f47aa89e000-7f47aa89f000 r--p 00008000 08:05 6034137                    /lib/x86_64-linux-gnu/libnss_compat-2.27.so
7f47aa89f000-7f47aa8a0000 rw-p 00009000 08:05 6034137                    /lib/x86_64-linux-gnu/libnss_compat-2.27.so
7f47aa8a0000-7f47aab7f000 r--p 00000000 08:05 6429927                    /usr/lib/locale/locale-archive
7f47aab7f000-7f47aab81000 r-xp 00000000 08:05 6824831                    /usr/lib/jvm/java-8-oracle/jre/lib/amd64/libnpt.so
7f47aab81000-7f47aad81000 ---p 00002000 08:05 6824831                    /usr/lib/jvm/java-8-oracle/jre/lib/amd64/libnpt.so
7f47aad81000-7f47aad82000 rw-p 00002000 08:05 6824831                    /usr/lib/jvm/java-8-oracle/jre/lib/amd64/libnpt.so
7f47aad82000-7f47aadbc000 r-xp 00000000 08:05 6824849                    /usr/lib/jvm/java-8-oracle/jre/lib/amd64/libjdwp.so
7f47aadbc000-7f47aafbb000 ---p 0003a000 08:05 6824849                    /usr/lib/jvm/java-8-oracle/jre/lib/amd64/libjdwp.so
7f47aafbb000-7f47aafbc000 rw-p 00039000 08:05 6824849                    /usr/lib/jvm/java-8-oracle/jre/lib/amd64/libjdwp.so
7f47aafbc000-7f47aafbd000 rw-p 00000000 00:00 0 
7f47aafbd000-7f47aafe8000 r-xp 00000000 08:05 6824856                    /usr/lib/jvm/java-8-oracle/jre/lib/amd64/libjava.so
7f47aafe8000-7f47ab1e7000 ---p 0002b000 08:05 6824856                    /usr/lib/jvm/java-8-oracle/jre/lib/amd64/libjava.so
7f47ab1e7000-7f47ab1e9000 rw-p 0002a000 08:05 6824856                    /usr/lib/jvm/java-8-oracle/jre/lib/amd64/libjava.so
7f47ab1e9000-7f47ab1f6000 r-xp 00000000 08:05 6824861                    /usr/lib/jvm/java-8-oracle/jre/lib/amd64/libverify.so
7f47ab1f6000-7f47ab3f6000 ---p 0000d000 08:05 6824861                    /usr/lib/jvm/java-8-oracle/jre/lib/amd64/libverify.so
7f47ab3f6000-7f47ab3f8000 rw-p 0000d000 08:05 6824861                    /usr/lib/jvm/java-8-oracle/jre/lib/amd64/libverify.so
7f47ab3f8000-7f47ab3ff000 r-xp 00000000 08:05 6034191                    /lib/x86_64-linux-gnu/librt-2.27.so
7f47ab3ff000-7f47ab5fe000 ---p 00007000 08:05 6034191                    /lib/x86_64-linux-gnu/librt-2.27.so
7f47ab5fe000-7f47ab5ff000 r--p 00006000 08:05 6034191                    /lib/x86_64-linux-gnu/librt-2.27.so
7f47ab5ff000-7f47ab600000 rw-p 00007000 08:05 6034191                    /lib/x86_64-linux-gnu/librt-2.27.so
7f47ab600000-7f47ab79d000 r-xp 00000000 08:05 6034114                    /lib/x86_64-linux-gnu/libm-2.27.so
7f47ab79d000-7f47ab99c000 ---p 0019d000 08:05 6034114                    /lib/x86_64-linux-gnu/libm-2.27.so
7f47ab99c000-7f47ab99d000 r--p 0019c000 08:05 6034114                    /lib/x86_64-linux-gnu/libm-2.27.so
7f47ab99d000-7f47ab99e000 rw-p 0019d000 08:05 6034114                    /lib/x86_64-linux-gnu/libm-2.27.so
7f47ab99e000-7f47ac677000 r-xp 00000000 08:05 6824838                    /usr/lib/jvm/java-8-oracle/jre/lib/amd64/server/libjvm.so
7f47ac677000-7f47ac876000 ---p 00cd9000 08:05 6824838                    /usr/lib/jvm/java-8-oracle/jre/lib/amd64/server/libjvm.so
7f47ac876000-7f47ac950000 rw-p 00cd8000 08:05 6824838                    /usr/lib/jvm/java-8-oracle/jre/lib/amd64/server/libjvm.so
7f47ac950000-7f47ac99b000 rw-p 00000000 00:00 0 
7f47ac99b000-7f47acb82000 r-xp 00000000 08:05 6034051                    /lib/x86_64-linux-gnu/libc-2.27.so
7f47acb82000-7f47acd82000 ---p 001e7000 08:05 6034051                    /lib/x86_64-linux-gnu/libc-2.27.so
7f47acd82000-7f47acd86000 r--p 001e7000 08:05 6034051                    /lib/x86_64-linux-gnu/libc-2.27.so
7f47acd86000-7f47acd88000 rw-p 001eb000 08:05 6034051                    /lib/x86_64-linux-gnu/libc-2.27.so
7f47acd88000-7f47acd8c000 rw-p 00000000 00:00 0 
7f47acd8c000-7f47acd8f000 r-xp 00000000 08:05 6034074                    /lib/x86_64-linux-gnu/libdl-2.27.so
7f47acd8f000-7f47acf8e000 ---p 00003000 08:05 6034074                    /lib/x86_64-linux-gnu/libdl-2.27.so
7f47acf8e000-7f47acf8f000 r--p 00002000 08:05 6034074                    /lib/x86_64-linux-gnu/libdl-2.27.so
7f47acf8f000-7f47acf90000 rw-p 00003000 08:05 6034074                    /lib/x86_64-linux-gnu/libdl-2.27.so
7f47acf90000-7f47acfa6000 r-xp 00000000 08:05 6693154                    /usr/lib/jvm/java-8-oracle/lib/amd64/jli/libjli.so
7f47acfa6000-7f47ad1a5000 ---p 00016000 08:05 6693154                    /usr/lib/jvm/java-8-oracle/lib/amd64/jli/libjli.so
7f47ad1a5000-7f47ad1a6000 rw-p 00015000 08:05 6693154                    /usr/lib/jvm/java-8-oracle/lib/amd64/jli/libjli.so
7f47ad1a6000-7f47ad1c0000 r-xp 00000000 08:05 6034183                    /lib/x86_64-linux-gnu/libpthread-2.27.so
7f47ad1c0000-7f47ad3bf000 ---p 0001a000 08:05 6034183                    /lib/x86_64-linux-gnu/libpthread-2.27.so
7f47ad3bf000-7f47ad3c0000 r--p 00019000 08:05 6034183                    /lib/x86_64-linux-gnu/libpthread-2.27.so
7f47ad3c0000-7f47ad3c1000 rw-p 0001a000 08:05 6034183                    /lib/x86_64-linux-gnu/libpthread-2.27.so
7f47ad3c1000-7f47ad3c5000 rw-p 00000000 00:00 0 
7f47ad3c5000-7f47ad3ec000 r-xp 00000000 08:05 6034023                    /lib/x86_64-linux-gnu/ld-2.27.so
7f47ad3ec000-7f47ad3ee000 r--s 0000c000 08:05 136554                     /home/lisa/.m2/repository/org/apache/commons/commons-exec/1.3/commons-exec-1.3.jar
7f47ad3ee000-7f47ad3f0000 r--s 00001000 08:05 137640                     /home/lisa/.m2/repository/org/seleniumhq/selenium/selenium-safari-driver/3.13.0/selenium-safari-driver-3.13.0.jar
7f47ad3f0000-7f47ad3f7000 r--s 0005c000 08:05 137638                     /home/lisa/.m2/repository/org/seleniumhq/selenium/selenium-remote-driver/3.13.0/selenium-remote-driver-3.13.0.jar
7f47ad3f7000-7f47ad4c8000 rw-p 00000000 00:00 0 
7f47ad4c8000-7f47ad4c9000 ---p 00000000 00:00 0 
7f47ad4c9000-7f47ad4cc000 ---p 00000000 00:00 0 
7f47ad4cc000-7f47ad5cd000 rw-p 00000000 00:00 0 
7f47ad5cd000-7f47ad5ce000 r--s 00000000 08:05 137658                     /home/lisa/.m2/repository/org/codehaus/mojo/animal-sniffer-annotations/1.14/animal-sniffer-annotations-1.14.jar
7f47ad5ce000-7f47ad5d0000 r--s 00001000 08:05 137636                     /home/lisa/.m2/repository/org/seleniumhq/selenium/selenium-opera-driver/3.13.0/selenium-opera-driver-3.13.0.jar
7f47ad5d0000-7f47ad5d1000 r--s 00003000 08:05 137634                     /home/lisa/.m2/repository/org/seleniumhq/selenium/selenium-ie-driver/3.13.0/selenium-ie-driver-3.13.0.jar
7f47ad5d1000-7f47ad5d2000 r--s 000c3000 08:05 137632                     /home/lisa/.m2/repository/org/seleniumhq/selenium/selenium-firefox-driver/3.13.0/selenium-firefox-driver-3.13.0.jar
7f47ad5d2000-7f47ad5d3000 r--s 00001000 08:05 137630                     /home/lisa/.m2/repository/org/seleniumhq/selenium/selenium-edge-driver/3.13.0/selenium-edge-driver-3.13.0.jar
7f47ad5d3000-7f47ad5d4000 r--s 00002000 08:05 137628                     /home/lisa/.m2/repository/org/seleniumhq/selenium/selenium-chrome-driver/3.13.0/selenium-chrome-driver-3.13.0.jar
7f47ad5d4000-7f47ad5d9000 r--s 00018000 08:05 137626                     /home/lisa/.m2/repository/org/seleniumhq/selenium/selenium-api/3.13.0/selenium-api-3.13.0.jar
7f47ad5d9000-7f47ad5da000 r--s 00000000 08:05 137624                     /home/lisa/.m2/repository/org/seleniumhq/selenium/selenium-java/3.13.0/selenium-java-3.13.0.jar
7f47ad5da000-7f47ad5e2000 r--s 00048000 08:05 530378                     /home/lisa/ApplicazioniLisa/eclipse/configuration/org.eclipse.osgi/984/0/.cp/lib/testng-remote.jar
7f47ad5e2000-7f47ad5ea000 rw-s 00000000 08:05 3022228                    /tmp/hsperfdata_lisa/22482
7f47ad5ea000-7f47ad5eb000 rw-p 00000000 00:00 0 
7f47ad5eb000-7f47ad5ec000 r--p 00000000 00:00 0 
7f47ad5ec000-7f47ad5ed000 r--p 00027000 08:05 6034023                    /lib/x86_64-linux-gnu/ld-2.27.so
7f47ad5ed000-7f47ad5ee000 rw-p 00028000 08:05 6034023                    /lib/x86_64-linux-gnu/ld-2.27.so
7f47ad5ee000-7f47ad5ef000 rw-p 00000000 00:00 0 
7ffeeae9c000-7ffeeaebe000 rw-p 00000000 00:00 0                          [stack]
7ffeeaf01000-7ffeeaf04000 r--p 00000000 00:00 0                          [vvar]
7ffeeaf04000-7ffeeaf06000 r-xp 00000000 00:00 0                          [vdso]
ffffffffff600000-ffffffffff601000 r-xp 00000000 00:00 0                  [vsyscall]

VM Arguments:
jvm_args: -agentlib:jdwp=transport=dt_socket,suspend=y,address=localhost:33113 -ea -Dfile.encoding=UTF-8 
java_command: org.testng.remote.RemoteTestNG -serport 37633 -protocol json -d /home/lisa/vodafone_selenium/vodafone-selenium-form/test-output /home/lisa/vodafone_selenium/vodafone-selenium-form/src/test/java/azioni/testngCreaCaso.xml
java_class_path (initial): /home/lisa/ApplicazioniLisa/eclipse/configuration/org.eclipse.osgi/984/0/.cp/lib/testng-remote.jar:/home/lisa/vodafone_selenium/vodafone-selenium-form/target/test-classes:/home/lisa/vodafone_selenium/vodafone-selenium-form/target/classes:/usr/lib/jvm/jdk1.8.0_171/src.zip:/home/lisa/.m2/repository/org/seleniumhq/selenium/selenium-java/3.13.0/selenium-java-3.13.0.jar:/home/lisa/.m2/repository/org/seleniumhq/selenium/selenium-api/3.13.0/selenium-api-3.13.0.jar:/home/lisa/.m2/repository/org/seleniumhq/selenium/selenium-chrome-driver/3.13.0/selenium-chrome-driver-3.13.0.jar:/home/lisa/.m2/repository/org/seleniumhq/selenium/selenium-edge-driver/3.13.0/selenium-edge-driver-3.13.0.jar:/home/lisa/.m2/repository/org/seleniumhq/selenium/selenium-firefox-driver/3.13.0/selenium-firefox-driver-3.13.0.jar:/home/lisa/.m2/repository/org/seleniumhq/selenium/selenium-ie-driver/3.13.0/selenium-ie-driver-3.13.0.jar:/home/lisa/.m2/repository/org/seleniumhq/selenium/selenium-opera-driver/3.13.0/selenium-opera-driver-3.13.0.jar:/home/lisa/.m2/repository/org/seleniumhq/selenium/selenium-remote-driver/3.13.0/selenium-remote-driver-3.13.0.jar:/home/lisa/.m2/repository/org/seleniumhq/selenium/selenium-safari-driver/3.13.0/selenium-safari-driver-3.13.0.jar:/home/lisa/.m2/repository/org/seleniumhq/selenium/selenium-support/3.13.0/selenium-support-3.13.0.jar:/home/lisa/.m2/repository/net/bytebuddy/byte-buddy/1.8.3/byte-buddy-1.8.3.jar:/home/lisa/.m2/repository/org/apache/commons/commons-exec/1.3/commons-exec-1.3.jar:/home/lisa/.m2/repository/commons-codec/commons-codec/1.10/commons-codec-1.10.jar:/home/lisa/.m2/repository/commons-logging/commons-logging/1.2/commons-logging-1.2.jar:/home/lisa/.m2/repository/com/google/code/gson/gson/2.8.4/gson-2.8.4.jar:/home/lisa/.m2/repository/com/google/guava/guava/25.0-jre/guava-25.0-jre.jar:/home/lisa/.m2/repository/com/google/code/findbugs/jsr305/1.3.9/jsr305-1.3.9.jar:/home/lisa/.m2/repository/org/checkerframework/checker-compat
Launcher Type: SUN_STANDARD

Environment Variables:
JAVA_HOME=/usr/lib/jvm/java-8-oracle
PATH=/usr/local/sbin:/usr/local/bin:/usr/sbin:/usr/bin:/sbin:/bin:/usr/games:/usr/local/games:/snap/bin:/usr/lib/jvm/java-8-oracle/bin:/usr/lib/jvm/java-8-oracle/db/bin:/usr/lib/jvm/java-8-oracle/jre/bin
SHELL=/bin/bash
DISPLAY=:0

Signal Handlers:
SIGSEGV: [libjvm.so+0xad0890], sa_mask[0]=11111111011111111101111111111110, sa_flags=SA_RESTART|SA_SIGINFO
SIGBUS: [libjvm.so+0xad0890], sa_mask[0]=11111111011111111101111111111110, sa_flags=SA_RESTART|SA_SIGINFO
SIGFPE: [libjvm.so+0x928640], sa_mask[0]=11111111011111111101111111111110, sa_flags=SA_RESTART|SA_SIGINFO
SIGPIPE: [libjvm.so+0x928640], sa_mask[0]=11111111011111111101111111111110, sa_flags=SA_RESTART|SA_SIGINFO
SIGXFSZ: [libjvm.so+0x928640], sa_mask[0]=11111111011111111101111111111110, sa_flags=SA_RESTART|SA_SIGINFO
SIGILL: [libjvm.so+0x928640], sa_mask[0]=11111111011111111101111111111110, sa_flags=SA_RESTART|SA_SIGINFO
SIGUSR1: SIG_DFL, sa_mask[0]=00000000000000000000000000000000, sa_flags=none
SIGUSR2: [libjvm.so+0x929ea0], sa_mask[0]=00100000000000000000000000000000, sa_flags=SA_RESTART|SA_SIGINFO
SIGHUP: [libjvm.so+0x92b2a0], sa_mask[0]=11111111011111111101111111111110, sa_flags=SA_RESTART|SA_SIGINFO
SIGINT: [libjvm.so+0x92b2a0], sa_mask[0]=11111111011111111101111111111110, sa_flags=SA_RESTART|SA_SIGINFO
SIGTERM: [libjvm.so+0x92b2a0], sa_mask[0]=11111111011111111101111111111110, sa_flags=SA_RESTART|SA_SIGINFO
SIGQUIT: [libjvm.so+0x92b2a0], sa_mask[0]=11111111011111111101111111111110, sa_flags=SA_RESTART|SA_SIGINFO


---------------  S Y S T E M  ---------------

OS:DISTRIB_ID=Ubuntu
DISTRIB_RELEASE=18.04
DISTRIB_CODENAME=bionic
DISTRIB_DESCRIPTION="Ubuntu 18.04 LTS"

uname:Linux 4.15.0-23-generic #25-Ubuntu SMP Wed May 23 18:02:16 UTC 2018 x86_64
libc:glibc 2.27 NPTL 2.27 
rlimit: STACK 8192k, CORE 0k, NPROC 63294, NOFILE 1048576, AS infinity
load average:1,19 1,46 1,52

/proc/meminfo:
MemTotal:       16304952 kB
MemFree:         5811316 kB
MemAvailable:    8796992 kB
Buffers:          394380 kB
Cached:          3064664 kB
SwapCached:            0 kB
Active:          7933380 kB
Inactive:        1992860 kB
Active(anon):    6348428 kB
Inactive(anon):   489644 kB
Active(file):    1584952 kB
Inactive(file):  1503216 kB
Unevictable:           0 kB
Mlocked:               0 kB
SwapTotal:       2097148 kB
SwapFree:        2097148 kB
Dirty:              7220 kB
Writeback:             0 kB
AnonPages:       6467340 kB
Mapped:           758156 kB
Shmem:            492524 kB
Slab:             315904 kB
SReclaimable:     235736 kB
SUnreclaim:        80168 kB
KernelStack:       19936 kB
PageTables:       106256 kB
NFS_Unstable:          0 kB
Bounce:                0 kB
WritebackTmp:          0 kB
CommitLimit:    10249624 kB
Committed_AS:   16736036 kB
VmallocTotal:   34359738367 kB
VmallocUsed:           0 kB
VmallocChunk:          0 kB
HardwareCorrupted:     0 kB
AnonHugePages:         0 kB
ShmemHugePages:        0 kB
ShmemPmdMapped:        0 kB
CmaTotal:              0 kB
CmaFree:               0 kB
HugePages_Total:       0
HugePages_Free:        0
HugePages_Rsvd:        0
HugePages_Surp:        0
Hugepagesize:       2048 kB
DirectMap4k:      309520 kB
DirectMap2M:    13201408 kB
DirectMap1G:     3145728 kB


CPU:total 4 (initial active 4) (2 cores per cpu, 2 threads per core) family 6 model 142 stepping 9, cmov, cx8, fxsr, mmx, sse, sse2, sse3, ssse3, sse4.1, sse4.2, popcnt, avx, avx2, aes, clmul, erms, rtm, 3dnowpref, lzcnt, ht, tsc, tscinvbit, bmi1, bmi2, adx

/proc/cpuinfo:
processor	: 0
vendor_id	: GenuineIntel
cpu family	: 6
model		: 142
model name	: Intel(R) Core(TM) i7-7600U CPU @ 2.80GHz
stepping	: 9
microcode	: 0x84
cpu MHz		: 3900.106
cache size	: 4096 KB
physical id	: 0
siblings	: 4
core id		: 0
cpu cores	: 2
apicid		: 0
initial apicid	: 0
fpu		: yes
fpu_exception	: yes
cpuid level	: 22
wp		: yes
flags		: fpu vme de pse tsc msr pae mce cx8 apic sep mtrr pge mca cmov pat pse36 clflush dts acpi mmx fxsr sse sse2 ss ht tm pbe syscall nx pdpe1gb rdtscp lm constant_tsc art arch_perfmon pebs bts rep_good nopl xtopology nonstop_tsc cpuid aperfmperf tsc_known_freq pni pclmulqdq dtes64 monitor ds_cpl vmx smx est tm2 ssse3 sdbg fma cx16 xtpr pdcm pcid sse4_1 sse4_2 x2apic movbe popcnt tsc_deadline_timer aes xsave avx f16c rdrand lahf_lm abm 3dnowprefetch cpuid_fault epb invpcid_single pti ibrs ibpb stibp tpr_shadow vnmi flexpriority ept vpid fsgsbase tsc_adjust bmi1 hle avx2 smep bmi2 erms invpcid rtm mpx rdseed adx smap clflushopt intel_pt xsaveopt xsavec xgetbv1 xsaves dtherm ida arat pln pts hwp hwp_notify hwp_act_window hwp_epp
bugs		: cpu_meltdown spectre_v1 spectre_v2 spec_store_bypass
bogomips	: 5808.00
clflush size	: 64
cache_alignment	: 64
address sizes	: 39 bits physical, 48 bits virtual
power management:

processor	: 1
vendor_id	: GenuineIntel
cpu family	: 6
model		: 142
model name	: Intel(R) Core(TM) i7-7600U CPU @ 2.80GHz
stepping	: 9
microcode	: 0x84
cpu MHz		: 3900.272
cache size	: 4096 KB
physical id	: 0
siblings	: 4
core id		: 1
cpu cores	: 2
apicid		: 2
initial apicid	: 2
fpu		: yes
fpu_exception	: yes
cpuid level	: 22
wp		: yes
flags		: fpu vme de pse tsc msr pae mce cx8 apic sep mtrr pge mca cmov pat pse36 clflush dts acpi mmx fxsr sse sse2 ss ht tm pbe syscall nx pdpe1gb rdtscp lm constant_tsc art arch_perfmon pebs bts rep_good nopl xtopology nonstop_tsc cpuid aperfmperf tsc_known_freq pni pclmulqdq dtes64 monitor ds_cpl vmx smx est tm2 ssse3 sdbg fma cx16 xtpr pdcm pcid sse4_1 sse4_2 x2apic movbe popcnt tsc_deadline_timer aes xsave avx f16c rdrand lahf_lm abm 3dnowprefetch cpuid_fault epb invpcid_single pti ibrs ibpb stibp tpr_shadow vnmi flexpriority ept vpid fsgsbase tsc_adjust bmi1 hle avx2 smep bmi2 erms invpcid rtm mpx rdseed adx smap clflushopt intel_pt xsaveopt xsavec xgetbv1 xsaves dtherm ida arat pln pts hwp hwp_notify hwp_act_window hwp_epp
bugs		: cpu_meltdown spectre_v1 spectre_v2 spec_store_bypass
bogomips	: 5808.00
clflush size	: 64
cache_alignment	: 64
address sizes	: 39 bits physical, 48 bits virtual
power management:

processor	: 2
vendor_id	: GenuineIntel
cpu family	: 6
model		: 142
model name	: Intel(R) Core(TM) i7-7600U CPU @ 2.80GHz
stepping	: 9
microcode	: 0x84
cpu MHz		: 3899.421
cache size	: 4096 KB
physical id	: 0
siblings	: 4
core id		: 0
cpu cores	: 2
apicid		: 1
initial apicid	: 1
fpu		: yes
fpu_exception	: yes
cpuid level	: 22
wp		: yes
flags		: fpu vme de pse tsc msr pae mce cx8 apic sep mtrr pge mca cmov pat pse36 clflush dts acpi mmx fxsr sse sse2 ss ht tm pbe syscall nx pdpe1gb rdtscp lm constant_tsc art arch_perfmon pebs bts rep_good nopl xtopology nonstop_tsc cpuid aperfmperf tsc_known_freq pni pclmulqdq dtes64 monitor ds_cpl vmx smx est tm2 ssse3 sdbg fma cx16 xtpr pdcm pcid sse4_1 sse4_2 x2apic movbe popcnt tsc_deadline_timer aes xsave avx f16c rdrand lahf_lm abm 3dnowprefetch cpuid_fault epb invpcid_single pti ibrs ibpb stibp tpr_shadow vnmi flexpriority ept vpid fsgsbase tsc_adjust bmi1 hle avx2 smep bmi2 erms invpcid rtm mpx rdseed adx smap clflushopt intel_pt xsaveopt xsavec xgetbv1 xsaves dtherm ida arat pln pts hwp hwp_notify hwp_act_window hwp_epp
bugs		: cpu_meltdown spectre_v1 spectre_v2 spec_store_bypass
bogomips	: 5808.00
clflush size	: 64
cache_alignment	: 64
address sizes	: 39 bits physical, 48 bits virtual
power management:

processor	: 3
vendor_id	: GenuineIntel
cpu family	: 6
model		: 142
model name	: Intel(R) Core(TM) i7-7600U CPU @ 2.80GHz
stepping	: 9
microcode	: 0x84
cpu MHz		: 3900.179
cache size	: 4096 KB
physical id	: 0
siblings	: 4
core id		: 1
cpu cores	: 2
apicid		: 3
initial apicid	: 3
fpu		: yes
fpu_exception	: yes
cpuid level	: 22
wp		: yes
flags		: fpu vme de pse tsc msr pae mce cx8 apic sep mtrr pge mca cmov pat pse36 clflush dts acpi mmx fxsr sse sse2 ss ht tm pbe syscall nx pdpe1gb rdtscp lm constant_tsc art arch_perfmon pebs bts rep_good nopl xtopology nonstop_tsc cpuid aperfmperf tsc_known_freq pni pclmulqdq dtes64 monitor ds_cpl vmx smx est tm2 ssse3 sdbg fma cx16 xtpr pdcm pcid sse4_1 sse4_2 x2apic movbe popcnt tsc_deadline_timer aes xsave avx f16c rdrand lahf_lm abm 3dnowprefetch cpuid_fault epb invpcid_single pti ibrs ibpb stibp tpr_shadow vnmi flexpriority ept vpid fsgsbase tsc_adjust bmi1 hle avx2 smep bmi2 erms invpcid rtm mpx rdseed adx smap clflushopt intel_pt xsaveopt xsavec xgetbv1 xsaves dtherm ida arat pln pts hwp hwp_notify hwp_act_window hwp_epp
bugs		: cpu_meltdown spectre_v1 spectre_v2 spec_store_bypass
bogomips	: 5808.00
clflush size	: 64
cache_alignment	: 64
address sizes	: 39 bits physical, 48 bits virtual
power management:



Memory: 4k page, physical 16304952k(5811316k free), swap 2097148k(2097148k free)

vm_info: Java HotSpot(TM) 64-Bit Server VM (25.171-b11) for linux-amd64 JRE (1.8.0_171-b11), built on Mar 28 2018 17:07:08 by "java_re" with gcc 4.3.0 20080428 (Red Hat 4.3.0-8)

time: Fri Jul 20 16:36:14 2018
elapsed time: 89 seconds (0d 0h 1m 29s)

