#
# A fatal error has been detected by the Java Runtime Environment:
#
#  SIGBUS (0x7) at pc=0x00007f4b553c94e2, pid=26390, tid=0x00007f4b58b3d700
#
# JRE version: Java(TM) SE Runtime Environment (8.0_171-b11) (build 1.8.0_171-b11)
# Java VM: Java HotSpot(TM) 64-Bit Server VM (25.171-b11 mixed mode linux-amd64 compressed oops)
# Problematic frame:
# C  [libzip.so+0x124e2]  newEntry+0x62
#
# Failed to write core dump. Core dumps have been disabled. To enable core dumping, try "ulimit -c unlimited" before starting Java again
#
# If you would like to submit a bug report, please visit:
#   http://bugreport.java.com/bugreport/crash.jsp
# The crash happened outside the Java Virtual Machine in native code.
# See problematic frame for where to report the bug.
#

---------------  T H R E A D  ---------------

Current thread (0x00007f4b5000f800):  JavaThread "main" [_thread_in_native, id=26393, stack(0x00007f4b58a3e000,0x00007f4b58b3e000)]

siginfo: si_signo: 7 (SIGBUS), si_code: 2 (BUS_ADRERR), si_addr: 0x00007f4b400007a0

Registers:
RAX=0x00007f4b500ebf00, RBX=0x00007f4b506b8740, RCX=0x00007f4b500008d0, RDX=0x00007f4b500ebf00
RSP=0x00007f4b58b3abe0, RBP=0x00007f4b58b3ac30, RSI=0x00007f4b500008e8, RDI=0x00007f4b500ebf70
R8 =0x0000000000000000, R9 =0x00007f4b58b3acb0, R10=0x00007f4b41020a7c, R11=0x00007f4b578df3b0
R12=0x00007f4b40000783, R13=0x00007f4b500ebf00, R14=0x000000004eecb6d3, R15=0x00007f4b506b8600
RIP=0x00007f4b553c94e2, EFLAGS=0x0000000000010202, CSGSFS=0x002b000000000033, ERR=0x0000000000000004
  TRAPNO=0x000000000000000e

Top of Stack: (sp=0x00007f4b58b3abe0)
0x00007f4b58b3abe0:   00007f4b58b3ac70 00007f4b00000000
0x00007f4b58b3abf0:   00000007c00007a8 00007f4b577f9ede
0x00007f4b58b3ac00:   00007f4b500ebf00 00007f4b506b8740
0x00007f4b58b3ac10:   00007f4b509f1820 00007f4b506b8600
0x00007f4b58b3ac20:   000000004eecb6d3 0000000000000010
0x00007f4b58b3ac30:   00007f4b58b3ac90 00007f4b553c9c3f
0x00007f4b58b3ac40:   00007f4b5000f800 00007f4b576e1271
0x00007f4b58b3ac50:   00007f4b58b3acb0 00007f4b58b3acc1
0x00007f4b58b3ac60:   00007f4b58b3acbf 00007f4b58b3acb0
0x00007f4b58b3ac70:   0000000000000010 00007f4b5000f9f8
0x00007f4b58b3ac80:   00007f4b58b3b188 0000000000000000
0x00007f4b58b3ac90:   00007f4b58b3b0f0 00007f4b553bae90
0x00007f4b58b3aca0:   00007f4b58b3af00 00007f4b506b8600
0x00007f4b58b3acb0:   73706f7250636f64 6c6d782e7070612f
0x00007f4b58b3acc0:   00007f4b58b3ae00 00007f4b58b3ae60
0x00007f4b58b3acd0:   00007f4b58b3adb0 00007f4b57ea8720
0x00007f4b58b3ace0:   00007f4b58b3ad70 00007f4b500cabb0
0x00007f4b58b3acf0:   00007f4b27ce43d8 00007f4b58b3ae40
0x00007f4b58b3ad00:   00007f4b58b3ad90 00007f4b58b3ae70
0x00007f4b58b3ad10:   00007f4b58b3ae90 00007f4b576e1271
0x00007f4b58b3ad20:   00007f4b58b3ae00 00007f4b576e0fba
0x00007f4b58b3ad30:   00007f4b27cae6a0 0000000000000000
0x00007f4b58b3ad40:   00007f4b58b3afa0 00007f4b576b8479
0x00007f4b58b3ad50:   00007f4b58b3aed0 00007f4b576e103a
0x00007f4b58b3ad60:   00007f4b500cabb0 00007f4b5000f800
0x00007f4b58b3ad70:   00007f4b58b3af20 00007f4b576e1271
0x00007f4b58b3ad80:   00007f4b58b3ae10 00007f4b576e0fba
0x00007f4b58b3ad90:   00007f4b27da9578 0000000000000000
0x00007f4b58b3ada0:   00007f4b58b3b000 00007f4b576b8479
0x00007f4b58b3adb0:   00007f4b5000f800 00007f4b500cabb0
0x00007f4b58b3adc0:   00007f4b500100b0 00007f4b500100e0
0x00007f4b58b3add0:   00007f4b50010198 00007f4b58b3af20 

Instructions: (pc=0x00007f4b553c94e2)
0x00007f4b553c94c2:   00 48 c7 40 28 00 00 00 00 41 80 7f 30 00 0f 84
0x00007f4b553c94d2:   8a 02 00 00 4c 8b 63 08 4d 2b 67 28 4d 03 67 18
0x00007f4b553c94e2:   41 0f b6 5c 24 1d 41 0f b6 44 24 1c c1 e3 08 09
0x00007f4b553c94f2:   c3 41 0f b6 44 24 1e 88 45 bd 41 0f b6 54 24 20 

Register to memory mapping:

RAX=0x00007f4b500ebf00 is an unknown value
RBX=0x00007f4b506b8740 is an unknown value
RCX=0x00007f4b500008d0 is an unknown value
RDX=0x00007f4b500ebf00 is an unknown value
RSP=0x00007f4b58b3abe0 is pointing into the stack for thread: 0x00007f4b5000f800
RBP=0x00007f4b58b3ac30 is pointing into the stack for thread: 0x00007f4b5000f800
RSI=0x00007f4b500008e8 is an unknown value
RDI=0x00007f4b500ebf70 is an unknown value
R8 =0x0000000000000000 is an unknown value
R9 =0x00007f4b58b3acb0 is pointing into the stack for thread: 0x00007f4b5000f800
R10=0x00007f4b41020a7c is at code_begin+1596 in an Interpreter codelet
method entry point (kind = native)  [0x00007f4b41020440, 0x00007f4b41021420]  4064 bytes
R11=0x00007f4b578df3b0: <offset 0x9cc3b0> in /usr/lib/jvm/java-8-oracle/jre/lib/amd64/server/libjvm.so at 0x00007f4b56f13000
R12=0x00007f4b40000783 is an unknown value
R13=0x00007f4b500ebf00 is an unknown value
R14=0x000000004eecb6d3 is an unknown value
R15=0x00007f4b506b8600 is an unknown value


Stack: [0x00007f4b58a3e000,0x00007f4b58b3e000],  sp=0x00007f4b58b3abe0,  free space=1010k
Native frames: (J=compiled Java code, j=interpreted, Vv=VM code, C=native code)
C  [libzip.so+0x124e2]  newEntry+0x62
C  [libzip.so+0x12c3f]  ZIP_GetEntry2+0xff
C  [libzip.so+0x3e90]  Java_java_util_zip_ZipFile_getEntry+0xf0
j  java.util.zip.ZipFile.getEntry(J[BZ)J+0
j  java.util.zip.ZipFile.getInputStream(Ljava/util/zip/ZipEntry;)Ljava/io/InputStream;+88
j  org.apache.poi.openxml4j.util.ZipFileZipEntrySource.getInputStream(Ljava/util/zip/ZipEntry;)Ljava/io/InputStream;+22
j  org.apache.poi.openxml4j.opc.ZipPackagePart.getInputStreamImpl()Ljava/io/InputStream;+14
j  org.apache.poi.openxml4j.opc.PackagePart.getInputStream()Ljava/io/InputStream;+1
j  org.apache.poi.POIXMLProperties.<init>(Lorg/apache/poi/openxml4j/opc/OPCPackage;)V+70
j  org.apache.poi.POIXMLDocument.getProperties()Lorg/apache/poi/POIXMLProperties;+16
j  org.apache.poi.POIXMLDocument.write(Ljava/io/OutputStream;)V+20
j  utils.ExcelUtils.scriviValore(Ljava/lang/String;II)V+68
j  azioni.CreaCaso.casiMultipli()V+228
v  ~StubRoutines::call_stub
V  [libjvm.so+0x695b96]  JavaCalls::call_helper(JavaValue*, methodHandle*, JavaCallArguments*, Thread*)+0x1056
V  [libjvm.so+0x9a4677]  Reflection::invoke(instanceKlassHandle, methodHandle, Handle, bool, objArrayHandle, BasicType, objArrayHandle, bool, Thread*)+0x5d7
V  [libjvm.so+0x9a7d87]  Reflection::invoke_method(oopDesc*, Handle, objArrayHandle, Thread*)+0x147
V  [libjvm.so+0x727d4b]  JVM_InvokeMethod+0x26b
j  sun.reflect.NativeMethodAccessorImpl.invoke0(Ljava/lang/reflect/Method;Ljava/lang/Object;[Ljava/lang/Object;)Ljava/lang/Object;+0
j  sun.reflect.NativeMethodAccessorImpl.invoke(Ljava/lang/Object;[Ljava/lang/Object;)Ljava/lang/Object;+100
j  sun.reflect.DelegatingMethodAccessorImpl.invoke(Ljava/lang/Object;[Ljava/lang/Object;)Ljava/lang/Object;+6
j  java.lang.reflect.Method.invoke(Ljava/lang/Object;[Ljava/lang/Object;)Ljava/lang/Object;+56
j  org.testng.internal.MethodInvocationHelper.invokeMethod(Ljava/lang/reflect/Method;Ljava/lang/Object;[Ljava/lang/Object;)Ljava/lang/Object;+235
j  org.testng.internal.Invoker.invokeMethod(Ljava/lang/Object;Lorg/testng/ITestNGMethod;[Ljava/lang/Object;ILorg/testng/xml/XmlSuite;Ljava/util/Map;Lorg/testng/ITestClass;[Lorg/testng/ITestNGMethod;[Lorg/testng/ITestNGMethod;Lorg/testng/internal/ConfigurationGroupMethods;Lorg/testng/internal/Invoker$FailureContext;)Lorg/testng/ITestResult;+277
j  org.testng.internal.Invoker.invokeTestMethod(Ljava/lang/Object;Lorg/testng/ITestNGMethod;[Ljava/lang/Object;ILorg/testng/xml/XmlSuite;Ljava/util/Map;Lorg/testng/ITestClass;[Lorg/testng/ITestNGMethod;[Lorg/testng/ITestNGMethod;Lorg/testng/internal/ConfigurationGroupMethods;Lorg/testng/internal/Invoker$FailureContext;)Lorg/testng/ITestResult;+29
j  org.testng.internal.Invoker.invokeTestMethods(Lorg/testng/ITestNGMethod;Lorg/testng/xml/XmlSuite;Ljava/util/Map;Lorg/testng/internal/ConfigurationGroupMethods;Ljava/lang/Object;Lorg/testng/ITestContext;)Ljava/util/List;+675
j  org.testng.internal.TestMethodWorker.invokeTestMethods(Lorg/testng/ITestNGMethod;Ljava/lang/Object;Lorg/testng/ITestContext;)V+19
j  org.testng.internal.TestMethodWorker.run()V+60
j  org.testng.TestRunner.privateRun(Lorg/testng/xml/XmlTest;)V+323
j  org.testng.TestRunner.run()V+26
j  org.testng.SuiteRunner.runTest(Lorg/testng/TestRunner;)V+1
j  org.testng.SuiteRunner.runSequentially()V+31
j  org.testng.SuiteRunner.privateRun()V+282
j  org.testng.SuiteRunner.run()V+6
j  org.testng.SuiteRunnerWorker.runSuite(Lorg/testng/internal/SuiteRunnerMap;Lorg/testng/xml/XmlSuite;)V+89
j  org.testng.SuiteRunnerWorker.run()V+12
j  org.testng.TestNG.runSuitesSequentially(Lorg/testng/xml/XmlSuite;Lorg/testng/internal/SuiteRunnerMap;ILjava/lang/String;)V+66
j  org.testng.TestNG.runSuitesLocally()Ljava/util/List;+143
j  org.testng.TestNG.run()V+81
j  org.testng.remote.AbstractRemoteTestNG.run()V+149
j  org.testng.remote.RemoteTestNG.initAndRun(Lorg/testng/remote/IRemoteTestNG;[Ljava/lang/String;Lorg/testng/CommandLineArgs;Lorg/testng/remote/RemoteArgs;)V+184
j  org.testng.remote.RemoteTestNG.main([Ljava/lang/String;)V+201
v  ~StubRoutines::call_stub
V  [libjvm.so+0x695b96]  JavaCalls::call_helper(JavaValue*, methodHandle*, JavaCallArguments*, Thread*)+0x1056
V  [libjvm.so+0x6d7292]  jni_invoke_static(JNIEnv_*, JavaValue*, _jobject*, JNICallType, _jmethodID*, JNI_ArgumentPusher*, Thread*)+0x362
V  [libjvm.so+0x6f3afa]  jni_CallStaticVoidMethod+0x17a
C  [libjli.so+0x80ff]  JavaMain+0x81f
C  [libpthread.so.0+0x76db]  start_thread+0xdb

Java frames: (J=compiled Java code, j=interpreted, Vv=VM code)
j  java.util.zip.ZipFile.getEntry(J[BZ)J+0
j  java.util.zip.ZipFile.getInputStream(Ljava/util/zip/ZipEntry;)Ljava/io/InputStream;+88
j  org.apache.poi.openxml4j.util.ZipFileZipEntrySource.getInputStream(Ljava/util/zip/ZipEntry;)Ljava/io/InputStream;+22
j  org.apache.poi.openxml4j.opc.ZipPackagePart.getInputStreamImpl()Ljava/io/InputStream;+14
j  org.apache.poi.openxml4j.opc.PackagePart.getInputStream()Ljava/io/InputStream;+1
j  org.apache.poi.POIXMLProperties.<init>(Lorg/apache/poi/openxml4j/opc/OPCPackage;)V+70
j  org.apache.poi.POIXMLDocument.getProperties()Lorg/apache/poi/POIXMLProperties;+16
j  org.apache.poi.POIXMLDocument.write(Ljava/io/OutputStream;)V+20
j  utils.ExcelUtils.scriviValore(Ljava/lang/String;II)V+68
j  azioni.CreaCaso.casiMultipli()V+228
v  ~StubRoutines::call_stub
j  sun.reflect.NativeMethodAccessorImpl.invoke0(Ljava/lang/reflect/Method;Ljava/lang/Object;[Ljava/lang/Object;)Ljava/lang/Object;+0
j  sun.reflect.NativeMethodAccessorImpl.invoke(Ljava/lang/Object;[Ljava/lang/Object;)Ljava/lang/Object;+100
j  sun.reflect.DelegatingMethodAccessorImpl.invoke(Ljava/lang/Object;[Ljava/lang/Object;)Ljava/lang/Object;+6
j  java.lang.reflect.Method.invoke(Ljava/lang/Object;[Ljava/lang/Object;)Ljava/lang/Object;+56
j  org.testng.internal.MethodInvocationHelper.invokeMethod(Ljava/lang/reflect/Method;Ljava/lang/Object;[Ljava/lang/Object;)Ljava/lang/Object;+235
j  org.testng.internal.Invoker.invokeMethod(Ljava/lang/Object;Lorg/testng/ITestNGMethod;[Ljava/lang/Object;ILorg/testng/xml/XmlSuite;Ljava/util/Map;Lorg/testng/ITestClass;[Lorg/testng/ITestNGMethod;[Lorg/testng/ITestNGMethod;Lorg/testng/internal/ConfigurationGroupMethods;Lorg/testng/internal/Invoker$FailureContext;)Lorg/testng/ITestResult;+277
j  org.testng.internal.Invoker.invokeTestMethod(Ljava/lang/Object;Lorg/testng/ITestNGMethod;[Ljava/lang/Object;ILorg/testng/xml/XmlSuite;Ljava/util/Map;Lorg/testng/ITestClass;[Lorg/testng/ITestNGMethod;[Lorg/testng/ITestNGMethod;Lorg/testng/internal/ConfigurationGroupMethods;Lorg/testng/internal/Invoker$FailureContext;)Lorg/testng/ITestResult;+29
j  org.testng.internal.Invoker.invokeTestMethods(Lorg/testng/ITestNGMethod;Lorg/testng/xml/XmlSuite;Ljava/util/Map;Lorg/testng/internal/ConfigurationGroupMethods;Ljava/lang/Object;Lorg/testng/ITestContext;)Ljava/util/List;+675
j  org.testng.internal.TestMethodWorker.invokeTestMethods(Lorg/testng/ITestNGMethod;Ljava/lang/Object;Lorg/testng/ITestContext;)V+19
j  org.testng.internal.TestMethodWorker.run()V+60
j  org.testng.TestRunner.privateRun(Lorg/testng/xml/XmlTest;)V+323
j  org.testng.TestRunner.run()V+26
j  org.testng.SuiteRunner.runTest(Lorg/testng/TestRunner;)V+1
j  org.testng.SuiteRunner.runSequentially()V+31
j  org.testng.SuiteRunner.privateRun()V+282
j  org.testng.SuiteRunner.run()V+6
j  org.testng.SuiteRunnerWorker.runSuite(Lorg/testng/internal/SuiteRunnerMap;Lorg/testng/xml/XmlSuite;)V+89
j  org.testng.SuiteRunnerWorker.run()V+12
j  org.testng.TestNG.runSuitesSequentially(Lorg/testng/xml/XmlSuite;Lorg/testng/internal/SuiteRunnerMap;ILjava/lang/String;)V+66
j  org.testng.TestNG.runSuitesLocally()Ljava/util/List;+143
j  org.testng.TestNG.run()V+81
j  org.testng.remote.AbstractRemoteTestNG.run()V+149
j  org.testng.remote.RemoteTestNG.initAndRun(Lorg/testng/remote/IRemoteTestNG;[Ljava/lang/String;Lorg/testng/CommandLineArgs;Lorg/testng/remote/RemoteArgs;)V+184
j  org.testng.remote.RemoteTestNG.main([Ljava/lang/String;)V+201
v  ~StubRoutines::call_stub

---------------  P R O C E S S  ---------------

Java Threads: ( => current thread )
  0x00007f4b507a2000 JavaThread "Okio Watchdog" daemon [_thread_blocked, id=26441, stack(0x00007f4b247b5000,0x00007f4b248b6000)]
  0x00007f4b50797000 JavaThread "OkHttp ConnectionPool" daemon [_thread_blocked, id=26440, stack(0x00007f4b248b6000,0x00007f4b249b7000)]
  0x00007f4ae4016800 JavaThread "Exec Stream Pumper" daemon [_thread_in_native, id=26436, stack(0x00007f4b24cb8000,0x00007f4b24db9000)]
  0x00007f4ae4015800 JavaThread "Exec Stream Pumper" daemon [_thread_in_native, id=26428, stack(0x00007f4b24db9000,0x00007f4b24eba000)]
  0x00007f4ae4012800 JavaThread "process reaper" daemon [_thread_in_native, id=26427, stack(0x00007f4b24eba000,0x00007f4b24ef3000)]
  0x00007f4b5066c000 JavaThread "Exec Default Executor" daemon [_thread_blocked, id=26425, stack(0x00007f4b24ef3000,0x00007f4b24ff4000)]
  0x00007f4b5041d800 JavaThread "ReaderThread" [_thread_in_native, id=26420, stack(0x00007f4b25cb3000,0x00007f4b25db4000)]
  0x00007f4b500de800 JavaThread "Service Thread" daemon [_thread_blocked, id=26417, stack(0x00007f4b26334000,0x00007f4b26435000)]
  0x00007f4b500d3000 JavaThread "C1 CompilerThread2" daemon [_thread_blocked, id=26416, stack(0x00007f4b26436000,0x00007f4b26536000)]
  0x00007f4b500d1800 JavaThread "C2 CompilerThread1" daemon [_thread_blocked, id=26415, stack(0x00007f4b26537000,0x00007f4b26637000)]
  0x00007f4b500ce800 JavaThread "C2 CompilerThread0" daemon [_thread_blocked, id=26414, stack(0x00007f4b26638000,0x00007f4b26738000)]
  0x00007f4b14001000 JavaThread "JDWP Command Reader" daemon [_thread_in_native, id=26411, stack(0x00007f4b26738000,0x00007f4b26839000)]
  0x00007f4b500cc000 JavaThread "JDWP Event Helper Thread" daemon [_thread_blocked, id=26410, stack(0x00007f4b26839000,0x00007f4b2693a000)]
  0x00007f4b500c8800 JavaThread "JDWP Transport Listener: dt_socket" daemon [_thread_blocked, id=26407, stack(0x00007f4b2693a000,0x00007f4b26a3b000)]
  0x00007f4b500bb800 JavaThread "Signal Dispatcher" daemon [_thread_blocked, id=26405, stack(0x00007f4b26c3f000,0x00007f4b26d40000)]
  0x00007f4b50089800 JavaThread "Finalizer" daemon [_thread_blocked, id=26403, stack(0x00007f4b26d40000,0x00007f4b26e41000)]
  0x00007f4b50085000 JavaThread "Reference Handler" daemon [_thread_blocked, id=26402, stack(0x00007f4b26e41000,0x00007f4b26f42000)]
=>0x00007f4b5000f800 JavaThread "main" [_thread_in_native, id=26393, stack(0x00007f4b58a3e000,0x00007f4b58b3e000)]

Other Threads:
  0x00007f4b5007d800 VMThread [stack: 0x00007f4b26f43000,0x00007f4b27043000] [id=26401]
  0x00007f4b500e3800 WatcherThread [stack: 0x00007f4b26234000,0x00007f4b26334000] [id=26418]

VM state:not at safepoint (normal execution)

VM Mutex/Monitor currently owned by a thread: None

Heap:
 PSYoungGen      total 74752K, used 25570K [0x000000076d100000, 0x0000000772400000, 0x00000007c0000000)
  eden space 64512K, 39% used [0x000000076d100000,0x000000076e9f8850,0x0000000771000000)
  from space 10240K, 0% used [0x0000000771a00000,0x0000000771a00000,0x0000000772400000)
  to   space 10240K, 0% used [0x0000000771000000,0x0000000771000000,0x0000000771a00000)
 ParOldGen       total 73216K, used 8457K [0x00000006c7200000, 0x00000006cb980000, 0x000000076d100000)
  object space 73216K, 11% used [0x00000006c7200000,0x00000006c7a42578,0x00000006cb980000)
 Metaspace       used 22862K, capacity 23636K, committed 23808K, reserved 1071104K
  class space    used 2856K, capacity 3060K, committed 3072K, reserved 1048576K

Card table byte_map: [0x00007f4b5482f000,0x00007f4b54ff7000] byte_map_base: 0x00007f4b511f6000

Marking Bits: (ParMarkBitMap*) 0x00007f4b57ee3280
 Begin Bits: [0x00007f4b28390000, 0x00007f4b2c1c8000)
 End Bits:   [0x00007f4b2c1c8000, 0x00007f4b30000000)

Polling page: 0x00007f4b58b60000

CodeCache: size=245760Kb used=7358Kb max_used=7358Kb free=238401Kb
 bounds [0x00007f4b41000000, 0x00007f4b41740000, 0x00007f4b50000000]
 total_blobs=2757 nmethods=2321 adapters=357
 compilation: enabled

Compilation events (10 events):
Event: 27,222 Thread 0x00007f4b500d3000 2316       3       com.google.common.collect.ImmutableSet::of (9 bytes)
Event: 27,223 Thread 0x00007f4b500d3000 nmethod 2316 0x00007f4b41732390 code [0x00007f4b41732540, 0x00007f4b41732a28]
Event: 27,223 Thread 0x00007f4b500d3000 2317       3       com.google.common.collect.SingletonImmutableSet::<init> (13 bytes)
Event: 27,223 Thread 0x00007f4b500d3000 nmethod 2317 0x00007f4b41732d50 code [0x00007f4b41732f00, 0x00007f4b41733348]
Event: 27,223 Thread 0x00007f4b500d3000 2318       1       com.google.common.collect.SingletonImmutableBiMap::size (2 bytes)
Event: 27,223 Thread 0x00007f4b500d3000 nmethod 2318 0x00007f4b417335d0 code [0x00007f4b41733720, 0x00007f4b41733830]
Event: 27,223 Thread 0x00007f4b500d3000 2319       1       org.openqa.selenium.json.JsonInputIterator::next (5 bytes)
Event: 27,223 Thread 0x00007f4b500d3000 nmethod 2319 0x00007f4b41733890 code [0x00007f4b417339e0, 0x00007f4b41733af0]
Event: 27,231 Thread 0x00007f4b500d3000 2321       1       java.util.ArrayDeque::peekFirst (10 bytes)
Event: 27,231 Thread 0x00007f4b500d3000 nmethod 2321 0x00007f4b41733ed0 code [0x00007f4b41734020, 0x00007f4b41734150]

GC Heap History (6 events):
Event: 3,067 GC heap before
{Heap before GC invocations=1 (full 0):
 PSYoungGen      total 74752K, used 64512K [0x000000076d100000, 0x0000000772400000, 0x00000007c0000000)
  eden space 64512K, 100% used [0x000000076d100000,0x0000000771000000,0x0000000771000000)
  from space 10240K, 0% used [0x0000000771a00000,0x0000000771a00000,0x0000000772400000)
  to   space 10240K, 0% used [0x0000000771000000,0x0000000771000000,0x0000000771a00000)
 ParOldGen       total 171008K, used 0K [0x00000006c7200000, 0x00000006d1900000, 0x000000076d100000)
  object space 171008K, 0% used [0x00000006c7200000,0x00000006c7200000,0x00000006d1900000)
 Metaspace       used 16963K, capacity 17694K, committed 17920K, reserved 1064960K
  class space    used 2086K, capacity 2269K, committed 2304K, reserved 1048576K
Event: 3,078 GC heap after
Heap after GC invocations=1 (full 0):
 PSYoungGen      total 74752K, used 10088K [0x000000076d100000, 0x0000000772400000, 0x00000007c0000000)
  eden space 64512K, 0% used [0x000000076d100000,0x000000076d100000,0x0000000771000000)
  from space 10240K, 98% used [0x0000000771000000,0x00000007719da208,0x0000000771a00000)
  to   space 10240K, 0% used [0x0000000771a00000,0x0000000771a00000,0x0000000772400000)
 ParOldGen       total 171008K, used 80K [0x00000006c7200000, 0x00000006d1900000, 0x000000076d100000)
  object space 171008K, 0% used [0x00000006c7200000,0x00000006c7214010,0x00000006d1900000)
 Metaspace       used 16963K, capacity 17694K, committed 17920K, reserved 1064960K
  class space    used 2086K, capacity 2269K, committed 2304K, reserved 1048576K
}
Event: 10,128 GC heap before
{Heap before GC invocations=2 (full 0):
 PSYoungGen      total 74752K, used 33927K [0x000000076d100000, 0x0000000772400000, 0x00000007c0000000)
  eden space 64512K, 36% used [0x000000076d100000,0x000000076e847d60,0x0000000771000000)
  from space 10240K, 98% used [0x0000000771000000,0x00000007719da208,0x0000000771a00000)
  to   space 10240K, 0% used [0x0000000771a00000,0x0000000771a00000,0x0000000772400000)
 ParOldGen       total 171008K, used 80K [0x00000006c7200000, 0x00000006d1900000, 0x000000076d100000)
  object space 171008K, 0% used [0x00000006c7200000,0x00000006c7214010,0x00000006d1900000)
 Metaspace       used 20398K, capacity 21116K, committed 21248K, reserved 1067008K
  class space    used 2521K, capacity 2730K, committed 2816K, reserved 1048576K
Event: 10,140 GC heap after
Heap after GC invocations=2 (full 0):
 PSYoungGen      total 74752K, used 8590K [0x000000076d100000, 0x0000000772400000, 0x00000007c0000000)
  eden space 64512K, 0% used [0x000000076d100000,0x000000076d100000,0x0000000771000000)
  from space 10240K, 83% used [0x0000000771a00000,0x0000000772263880,0x0000000772400000)
  to   space 10240K, 0% used [0x0000000771000000,0x0000000771000000,0x0000000771a00000)
 ParOldGen       total 171008K, used 88K [0x00000006c7200000, 0x00000006d1900000, 0x000000076d100000)
  object space 171008K, 0% used [0x00000006c7200000,0x00000006c7216010,0x00000006d1900000)
 Metaspace       used 20398K, capacity 21116K, committed 21248K, reserved 1067008K
  class space    used 2521K, capacity 2730K, committed 2816K, reserved 1048576K
}
Event: 10,140 GC heap before
{Heap before GC invocations=3 (full 1):
 PSYoungGen      total 74752K, used 8590K [0x000000076d100000, 0x0000000772400000, 0x00000007c0000000)
  eden space 64512K, 0% used [0x000000076d100000,0x000000076d100000,0x0000000771000000)
  from space 10240K, 83% used [0x0000000771a00000,0x0000000772263880,0x0000000772400000)
  to   space 10240K, 0% used [0x0000000771000000,0x0000000771000000,0x0000000771a00000)
 ParOldGen       total 171008K, used 88K [0x00000006c7200000, 0x00000006d1900000, 0x000000076d100000)
  object space 171008K, 0% used [0x00000006c7200000,0x00000006c7216010,0x00000006d1900000)
 Metaspace       used 20398K, capacity 21116K, committed 21248K, reserved 1067008K
  class space    used 2521K, capacity 2730K, committed 2816K, reserved 1048576K
Event: 10,166 GC heap after
Heap after GC invocations=3 (full 1):
 PSYoungGen      total 74752K, used 0K [0x000000076d100000, 0x0000000772400000, 0x00000007c0000000)
  eden space 64512K, 0% used [0x000000076d100000,0x000000076d100000,0x0000000771000000)
  from space 10240K, 0% used [0x0000000771a00000,0x0000000771a00000,0x0000000772400000)
  to   space 10240K, 0% used [0x0000000771000000,0x0000000771000000,0x0000000771a00000)
 ParOldGen       total 73216K, used 8457K [0x00000006c7200000, 0x00000006cb980000, 0x000000076d100000)
  object space 73216K, 11% used [0x00000006c7200000,0x00000006c7a42578,0x00000006cb980000)
 Metaspace       used 20396K, capacity 21114K, committed 21248K, reserved 1067008K
  class space    used 2521K, capacity 2729K, committed 2816K, reserved 1048576K
}

Deoptimization events (10 events):
Event: 10,107 Thread 0x00007f4b5000f800 Uncommon trap: reason=bimorphic action=maybe_recompile pc=0x00007f4b4148f200 method=java.io.DataInputStream.readInt()I @ 4
Event: 10,191 Thread 0x00007f4b5000f800 Uncommon trap: reason=unstable_if action=reinterpret pc=0x00007f4b414fe9ec method=java.net.URL.<init>(Ljava/net/URL;Ljava/lang/String;Ljava/net/URLStreamHandler;)V @ 233
Event: 10,207 Thread 0x00007f4b5000f800 Uncommon trap: reason=unstable_if action=reinterpret pc=0x00007f4b4154da98 method=java.io.DataInputStream.readUTF(Ljava/io/DataInput;)Ljava/lang/String; @ 31
Event: 10,243 Thread 0x00007f4b5000f800 Uncommon trap: reason=predicate action=maybe_recompile pc=0x00007f4b414235a4 method=java.lang.String.regionMatches(ZILjava/lang/String;II)Z @ 63
Event: 10,321 Thread 0x00007f4b5000f800 Uncommon trap: reason=unstable_if action=reinterpret pc=0x00007f4b415b21e8 method=org.apache.xmlbeans.impl.store.Cur.isNormal()Z @ 60
Event: 10,323 Thread 0x00007f4b5000f800 Uncommon trap: reason=unstable_if action=reinterpret pc=0x00007f4b415e3944 method=org.apache.xmlbeans.impl.store.Xobj.bitIsSet(I)Z @ 6
Event: 27,195 Thread 0x00007f4b5000f800 Uncommon trap: reason=bimorphic action=maybe_recompile pc=0x00007f4b4164df50 method=java.util.regex.Pattern$5.isSatisfiedBy(I)Z @ 5
Event: 27,195 Thread 0x00007f4b5000f800 Uncommon trap: reason=bimorphic action=maybe_recompile pc=0x00007f4b4164df50 method=java.util.regex.Pattern$5.isSatisfiedBy(I)Z @ 5
Event: 27,195 Thread 0x00007f4b5000f800 Uncommon trap: reason=bimorphic action=maybe_recompile pc=0x00007f4b4164df50 method=java.util.regex.Pattern$5.isSatisfiedBy(I)Z @ 5
Event: 27,195 Thread 0x00007f4b5000f800 Uncommon trap: reason=bimorphic action=maybe_recompile pc=0x00007f4b4164df50 method=java.util.regex.Pattern$5.isSatisfiedBy(I)Z @ 5

Classes redefined (0 events):
No events

Internal exceptions (10 events):
Event: 20,505 Thread 0x00007f4b5000f800 Exception <a 'java/net/SocketTimeoutException': Read timed out> (0x000000076e68cc30) thrown at [/HUDSON/workspace/8-2-build-linux-amd64/jdk8u171/10807/hotspot/src/share/vm/prims/jni.cpp, line 735]
Event: 20,525 Thread 0x00007f4b5000f800 Exception <a 'java/net/SocketTimeoutException': Read timed out> (0x000000076e6a6338) thrown at [/HUDSON/workspace/8-2-build-linux-amd64/jdk8u171/10807/hotspot/src/share/vm/prims/jni.cpp, line 735]
Event: 20,530 Thread 0x00007f4b5000f800 Exception <a 'java/net/SocketTimeoutException': Read timed out> (0x000000076e6c8f28) thrown at [/HUDSON/workspace/8-2-build-linux-amd64/jdk8u171/10807/hotspot/src/share/vm/prims/jni.cpp, line 735]
Event: 20,540 Thread 0x00007f4b5000f800 Exception <a 'java/net/SocketTimeoutException': Read timed out> (0x000000076e6e2ab0) thrown at [/HUDSON/workspace/8-2-build-linux-amd64/jdk8u171/10807/hotspot/src/share/vm/prims/jni.cpp, line 735]
Event: 20,546 Thread 0x00007f4b5000f800 Exception <a 'java/net/SocketTimeoutException': Read timed out> (0x000000076e7198b0) thrown at [/HUDSON/workspace/8-2-build-linux-amd64/jdk8u171/10807/hotspot/src/share/vm/prims/jni.cpp, line 735]
Event: 21,555 Thread 0x00007f4b5000f800 Exception <a 'java/net/SocketTimeoutException': Read timed out> (0x000000076e7330b8) thrown at [/HUDSON/workspace/8-2-build-linux-amd64/jdk8u171/10807/hotspot/src/share/vm/prims/jni.cpp, line 735]
Event: 21,583 Thread 0x00007f4b5000f800 Exception <a 'java/net/SocketTimeoutException': Read timed out> (0x000000076e74f350) thrown at [/HUDSON/workspace/8-2-build-linux-amd64/jdk8u171/10807/hotspot/src/share/vm/prims/jni.cpp, line 735]
Event: 26,154 Thread 0x00007f4b5000f800 Exception <a 'java/net/SocketTimeoutException': Read timed out> (0x000000076e768118) thrown at [/HUDSON/workspace/8-2-build-linux-amd64/jdk8u171/10807/hotspot/src/share/vm/prims/jni.cpp, line 735]
Event: 27,197 Thread 0x00007f4b5000f800 Exception <a 'java/net/SocketTimeoutException': Read timed out> (0x000000076e780fd8) thrown at [/HUDSON/workspace/8-2-build-linux-amd64/jdk8u171/10807/hotspot/src/share/vm/prims/jni.cpp, line 735]
Event: 27,219 Thread 0x00007f4b5000f800 Exception <a 'java/net/SocketTimeoutException': Read timed out> (0x000000076e7b05a0) thrown at [/HUDSON/workspace/8-2-build-linux-amd64/jdk8u171/10807/hotspot/src/share/vm/prims/jni.cpp, line 735]

Events (10 events):
Event: 37,020 loading class org/openxmlformats/schemas/officeDocument/x2006/customProperties/PropertiesDocument
Event: 37,020 loading class org/openxmlformats/schemas/officeDocument/x2006/customProperties/PropertiesDocument done
Event: 37,023 loading class org/openxmlformats/schemas/officeDocument/x2006/customProperties/impl/PropertiesDocumentImpl
Event: 37,023 loading class org/openxmlformats/schemas/officeDocument/x2006/customProperties/impl/PropertiesDocumentImpl done
Event: 37,027 loading class org/openxmlformats/schemas/officeDocument/x2006/customProperties/impl/CTPropertiesImpl
Event: 37,027 loading class org/openxmlformats/schemas/officeDocument/x2006/customProperties/impl/CTPropertiesImpl done
Event: 37,028 loading class org/openxmlformats/schemas/officeDocument/x2006/customProperties/CTProperties
Event: 37,028 loading class org/openxmlformats/schemas/officeDocument/x2006/customProperties/CTProperties done
Event: 37,029 loading class org/apache/poi/POIXMLProperties$CoreProperties
Event: 37,029 loading class org/apache/poi/POIXMLProperties$CoreProperties done


Dynamic libraries:
00400000-00401000 r-xp 00000000 08:05 6562101                            /usr/lib/jvm/java-8-oracle/bin/java
00600000-00601000 rw-p 00000000 08:05 6562101                            /usr/lib/jvm/java-8-oracle/bin/java
023a3000-023c4000 rw-p 00000000 00:00 0                                  [heap]
6c7200000-6cb980000 rw-p 00000000 00:00 0 
6cb980000-76d100000 ---p 00000000 00:00 0 
76d100000-772400000 rw-p 00000000 00:00 0 
772400000-7c0000000 ---p 00000000 00:00 0 
7c0000000-7c0300000 rw-p 00000000 00:00 0 
7c0300000-800000000 ---p 00000000 00:00 0 
7f4acc000000-7f4acc021000 rw-p 00000000 00:00 0 
7f4acc021000-7f4ad0000000 ---p 00000000 00:00 0 
7f4ad4000000-7f4ad4021000 rw-p 00000000 00:00 0 
7f4ad4021000-7f4ad8000000 ---p 00000000 00:00 0 
7f4ad8000000-7f4ad8021000 rw-p 00000000 00:00 0 
7f4ad8021000-7f4adc000000 ---p 00000000 00:00 0 
7f4adc000000-7f4adc021000 rw-p 00000000 00:00 0 
7f4adc021000-7f4ae0000000 ---p 00000000 00:00 0 
7f4ae0000000-7f4ae0021000 rw-p 00000000 00:00 0 
7f4ae0021000-7f4ae4000000 ---p 00000000 00:00 0 
7f4ae4000000-7f4ae4021000 rw-p 00000000 00:00 0 
7f4ae4021000-7f4ae8000000 ---p 00000000 00:00 0 
7f4ae8000000-7f4ae8021000 rw-p 00000000 00:00 0 
7f4ae8021000-7f4aec000000 ---p 00000000 00:00 0 
7f4aec000000-7f4aec021000 rw-p 00000000 00:00 0 
7f4aec021000-7f4af0000000 ---p 00000000 00:00 0 
7f4af0000000-7f4af0021000 rw-p 00000000 00:00 0 
7f4af0021000-7f4af4000000 ---p 00000000 00:00 0 
7f4af4fff000-7f4af8000000 rw-p 00000000 00:00 0 
7f4af8000000-7f4af83b0000 rw-p 00000000 00:00 0 
7f4af83b0000-7f4afc000000 ---p 00000000 00:00 0 
7f4afc000000-7f4afc021000 rw-p 00000000 00:00 0 
7f4afc021000-7f4b00000000 ---p 00000000 00:00 0 
7f4b00000000-7f4b006c1000 rw-p 00000000 00:00 0 
7f4b006c1000-7f4b04000000 ---p 00000000 00:00 0 
7f4b04000000-7f4b045e7000 rw-p 00000000 00:00 0 
7f4b045e7000-7f4b08000000 ---p 00000000 00:00 0 
7f4b08000000-7f4b08021000 rw-p 00000000 00:00 0 
7f4b08021000-7f4b0c000000 ---p 00000000 00:00 0 
7f4b0c000000-7f4b0c021000 rw-p 00000000 00:00 0 
7f4b0c021000-7f4b10000000 ---p 00000000 00:00 0 
7f4b10000000-7f4b10021000 rw-p 00000000 00:00 0 
7f4b10021000-7f4b14000000 ---p 00000000 00:00 0 
7f4b14000000-7f4b1402f000 rw-p 00000000 00:00 0 
7f4b1402f000-7f4b18000000 ---p 00000000 00:00 0 
7f4b18000000-7f4b18021000 rw-p 00000000 00:00 0 
7f4b18021000-7f4b1c000000 ---p 00000000 00:00 0 
7f4b1c000000-7f4b1c021000 rw-p 00000000 00:00 0 
7f4b1c021000-7f4b20000000 ---p 00000000 00:00 0 
7f4b20000000-7f4b20032000 rw-p 00000000 00:00 0 
7f4b20032000-7f4b24000000 ---p 00000000 00:00 0 
7f4b241b5000-7f4b241f5000 rw-p 00000000 00:00 0 
7f4b241f5000-7f4b243b5000 ---p 00000000 00:00 0 
7f4b243b5000-7f4b245b5000 rw-p 00000000 00:00 0 
7f4b245b5000-7f4b247b5000 rw-p 00000000 00:00 0 
7f4b247b5000-7f4b247b8000 ---p 00000000 00:00 0 
7f4b247b8000-7f4b248b6000 rw-p 00000000 00:00 0 
7f4b248b6000-7f4b248b9000 ---p 00000000 00:00 0 
7f4b248b9000-7f4b24bb7000 rw-p 00000000 00:00 0 
7f4b24bb7000-7f4b24bba000 ---p 00000000 00:00 0 
7f4b24bba000-7f4b24cb8000 rw-p 00000000 00:00 0 
7f4b24cb8000-7f4b24cbb000 ---p 00000000 00:00 0 
7f4b24cbb000-7f4b24db9000 rw-p 00000000 00:00 0 
7f4b24db9000-7f4b24dbc000 ---p 00000000 00:00 0 
7f4b24dbc000-7f4b24eba000 rw-p 00000000 00:00 0 
7f4b24eba000-7f4b24ebd000 ---p 00000000 00:00 0 
7f4b24ebd000-7f4b24ef3000 rw-p 00000000 00:00 0 
7f4b24ef3000-7f4b24ef6000 ---p 00000000 00:00 0 
7f4b24ef6000-7f4b251f4000 rw-p 00000000 00:00 0 
7f4b251f4000-7f4b2520b000 r-xp 00000000 08:05 6034088                    /lib/x86_64-linux-gnu/libgcc_s.so.1
7f4b2520b000-7f4b2540a000 ---p 00017000 08:05 6034088                    /lib/x86_64-linux-gnu/libgcc_s.so.1
7f4b2540a000-7f4b2540b000 r--p 00016000 08:05 6034088                    /lib/x86_64-linux-gnu/libgcc_s.so.1
7f4b2540b000-7f4b2540c000 rw-p 00017000 08:05 6034088                    /lib/x86_64-linux-gnu/libgcc_s.so.1
7f4b25413000-7f4b25426000 r--s 00345000 08:05 6824688                    /usr/lib/jvm/java-8-oracle/jre/lib/resources.jar
7f4b25426000-7f4b2542b000 r--s 0003f000 08:05 6824719                    /usr/lib/jvm/java-8-oracle/jre/lib/ext/sunjce_provider.jar
7f4b2542b000-7f4b2545d000 r-xp 00000000 08:05 6824817                    /usr/lib/jvm/java-8-oracle/jre/lib/amd64/libsunec.so
7f4b2545d000-7f4b2565c000 ---p 00032000 08:05 6824817                    /usr/lib/jvm/java-8-oracle/jre/lib/amd64/libsunec.so
7f4b2565c000-7f4b25662000 rw-p 00031000 08:05 6824817                    /usr/lib/jvm/java-8-oracle/jre/lib/amd64/libsunec.so
7f4b25662000-7f4b25872000 rw-p 00000000 00:00 0 
7f4b25872000-7f4b25874000 r--s 00009000 08:05 6824709                    /usr/lib/jvm/java-8-oracle/jre/lib/ext/sunec.jar
7f4b25874000-7f4b25877000 r--s 0001a000 08:05 6824882                    /usr/lib/jvm/java-8-oracle/jre/lib/jce.jar
7f4b25877000-7f4b25888000 r-xp 00000000 08:05 6824869                    /usr/lib/jvm/java-8-oracle/jre/lib/amd64/libnio.so
7f4b25888000-7f4b25a87000 ---p 00011000 08:05 6824869                    /usr/lib/jvm/java-8-oracle/jre/lib/amd64/libnio.so
7f4b25a87000-7f4b25a88000 rw-p 00010000 08:05 6824869                    /usr/lib/jvm/java-8-oracle/jre/lib/amd64/libnio.so
7f4b25a88000-7f4b25c88000 rw-p 00000000 00:00 0 
7f4b25c88000-7f4b25c92000 r--s 00116000 08:05 6824718                    /usr/lib/jvm/java-8-oracle/jre/lib/ext/localedata.jar
7f4b25c92000-7f4b25cae000 r--s 00393000 08:05 6824711                    /usr/lib/jvm/java-8-oracle/jre/lib/ext/cldrdata.jar
7f4b25cae000-7f4b25cb3000 r--s 0009d000 08:05 6824707                    /usr/lib/jvm/java-8-oracle/jre/lib/jsse.jar
7f4b25cb3000-7f4b25cb6000 ---p 00000000 00:00 0 
7f4b25cb6000-7f4b25db4000 rw-p 00000000 00:00 0 
7f4b25db4000-7f4b25dca000 r-xp 00000000 08:05 6824866                    /usr/lib/jvm/java-8-oracle/jre/lib/amd64/libnet.so
7f4b25dca000-7f4b25fca000 ---p 00016000 08:05 6824866                    /usr/lib/jvm/java-8-oracle/jre/lib/amd64/libnet.so
7f4b25fca000-7f4b25fcb000 rw-p 00016000 08:05 6824866                    /usr/lib/jvm/java-8-oracle/jre/lib/amd64/libnet.so
7f4b25fcb000-7f4b25fd0000 r--s 00016000 08:05 137981                     /home/lisa/.m2/repository/xml-apis/xml-apis/1.0.b2/xml-apis-1.0.b2.jar
7f4b25fd0000-7f4b25fd5000 r--s 00048000 08:05 137979                     /home/lisa/.m2/repository/dom4j/dom4j/1.6.1/dom4j-1.6.1.jar
7f4b25fd5000-7f4b25fd7000 r--s 00005000 08:05 137977                     /home/lisa/.m2/repository/stax/stax-api/1.0.1/stax-api-1.0.1.jar
7f4b25fd7000-7f4b26014000 r--s 0024f000 08:05 137975                     /home/lisa/.m2/repository/org/apache/xmlbeans/xmlbeans/2.3.0/xmlbeans-2.3.0.jar
7f4b26014000-7f4b260a6000 r--s 003ec000 08:05 137973                     /home/lisa/.m2/repository/org/apache/poi/poi-ooxml-schemas/3.8/poi-ooxml-schemas-3.8.jar
7f4b260a6000-7f4b260b2000 r--s 000d8000 08:05 137971                     /home/lisa/.m2/repository/org/apache/poi/poi-ooxml/3.8/poi-ooxml-3.8.jar
7f4b260b2000-7f4b260d2000 r--s 0019d000 08:05 137969                     /home/lisa/.m2/repository/org/apache/poi/poi/3.8/poi-3.8.jar
7f4b260d2000-7f4b260d4000 r--s 00009000 08:05 136524                     /home/lisa/.m2/repository/org/hamcrest/hamcrest-core/1.3/hamcrest-core-1.3.jar
7f4b260d4000-7f4b260da000 r--s 00036000 08:05 136522                     /home/lisa/.m2/repository/junit/junit/4.11/junit-4.11.jar
7f4b260da000-7f4b260df000 r--s 00040000 08:05 136530                     /home/lisa/.m2/repository/org/beanshell/bsh/2.0b4/bsh-2.0b4.jar
7f4b260df000-7f4b260ed000 r--s 000c7000 08:05 136526                     /home/lisa/.m2/repository/org/testng/testng/6.9.10/testng-6.9.10.jar
7f4b260ed000-7f4b260f2000 r--s 00060000 08:05 137664                     /home/lisa/.m2/repository/com/squareup/okhttp3/okhttp/3.10.0/okhttp-3.10.0.jar
7f4b260f2000-7f4b260f9000 r--s 00049000 08:05 137662                     /home/lisa/.m2/repository/org/apache/httpcomponents/httpcore/4.4.9/httpcore-4.4.9.jar
7f4b260f9000-7f4b2612b000 r--s 0026b000 08:05 137648                     /home/lisa/.m2/repository/com/google/guava/guava/25.0-jre/guava-25.0-jre.jar
7f4b2612b000-7f4b2616b000 r--s 002a4000 08:05 137644                     /home/lisa/.m2/repository/net/bytebuddy/byte-buddy/1.8.3/byte-buddy-1.8.3.jar
7f4b2616b000-7f4b26233000 r--s 01358000 08:05 6561542                    /usr/lib/jvm/jdk1.8.0_171/src.zip
7f4b26233000-7f4b26234000 ---p 00000000 00:00 0 
7f4b26234000-7f4b26334000 rw-p 00000000 00:00 0 
7f4b26334000-7f4b26337000 ---p 00000000 00:00 0 
7f4b26337000-7f4b26435000 rw-p 00000000 00:00 0 
7f4b26435000-7f4b26436000 ---p 00000000 00:00 0 
7f4b26436000-7f4b26439000 ---p 00000000 00:00 0 
7f4b26439000-7f4b26536000 rw-p 00000000 00:00 0 
7f4b26536000-7f4b26537000 ---p 00000000 00:00 0 
7f4b26537000-7f4b2653a000 ---p 00000000 00:00 0 
7f4b2653a000-7f4b26637000 rw-p 00000000 00:00 0 
7f4b26637000-7f4b26638000 ---p 00000000 00:00 0 
7f4b26638000-7f4b2663b000 ---p 00000000 00:00 0 
7f4b2663b000-7f4b26738000 rw-p 00000000 00:00 0 
7f4b26738000-7f4b2673b000 ---p 00000000 00:00 0 
7f4b2673b000-7f4b26839000 rw-p 00000000 00:00 0 
7f4b26839000-7f4b2683c000 ---p 00000000 00:00 0 
7f4b2683c000-7f4b2693a000 rw-p 00000000 00:00 0 
7f4b2693a000-7f4b2693d000 ---p 00000000 00:00 0 
7f4b2693d000-7f4b26a3b000 rw-p 00000000 00:00 0 
7f4b26a3b000-7f4b26a3f000 r-xp 00000000 08:05 6824829                    /usr/lib/jvm/java-8-oracle/jre/lib/amd64/libdt_socket.so
7f4b26a3f000-7f4b26c3e000 ---p 00004000 08:05 6824829                    /usr/lib/jvm/java-8-oracle/jre/lib/amd64/libdt_socket.so
7f4b26c3e000-7f4b26c3f000 rw-p 00003000 08:05 6824829                    /usr/lib/jvm/java-8-oracle/jre/lib/amd64/libdt_socket.so
7f4b26c3f000-7f4b26c42000 ---p 00000000 00:00 0 
7f4b26c42000-7f4b26d40000 rw-p 00000000 00:00 0 
7f4b26d40000-7f4b26d43000 ---p 00000000 00:00 0 
7f4b26d43000-7f4b26e41000 rw-p 00000000 00:00 0 
7f4b26e41000-7f4b26e44000 ---p 00000000 00:00 0 
7f4b26e44000-7f4b26f42000 rw-p 00000000 00:00 0 
7f4b26f42000-7f4b26f43000 ---p 00000000 00:00 0 
7f4b26f43000-7f4b30000000 rw-p 00000000 00:00 0 
7f4b30000000-7f4b30021000 rw-p 00000000 00:00 0 
7f4b30021000-7f4b34000000 ---p 00000000 00:00 0 
7f4b34000000-7f4b34021000 rw-p 00000000 00:00 0 
7f4b34021000-7f4b38000000 ---p 00000000 00:00 0 
7f4b38000000-7f4b38021000 rw-p 00000000 00:00 0 
7f4b38021000-7f4b3c000000 ---p 00000000 00:00 0 
7f4b3c000000-7f4b3c021000 rw-p 00000000 00:00 0 
7f4b3c021000-7f4b40000000 ---p 00000000 00:00 0 
7f4b40000000-7f4b40001000 r--s 00001000 08:05 132236                     /home/lisa/vodafone_selenium/vodafone-selenium-form/src/main/resources/excelVodafone.xlsx
7f4b40001000-7f4b40003000 r--s 0000e000 08:05 136528                     /home/lisa/.m2/repository/com/beust/jcommander/1.48/jcommander-1.48.jar
7f4b40003000-7f4b40011000 r--s 000ae000 08:05 137660                     /home/lisa/.m2/repository/org/apache/httpcomponents/httpclient/4.5.5/httpclient-4.5.5.jar
7f4b40011000-7f4b40013000 r--s 00001000 08:05 137656                     /home/lisa/.m2/repository/com/google/j2objc/j2objc-annotations/1.1/j2objc-annotations-1.1.jar
7f4b40013000-7f4b40015000 r--s 00002000 08:05 137654                     /home/lisa/.m2/repository/com/google/errorprone/error_prone_annotations/2.1.3/error_prone_annotations-2.1.3.jar
7f4b40015000-7f4b40017000 r--s 00006000 08:05 137652                     /home/lisa/.m2/repository/org/checkerframework/checker-compat-qual/2.0.0/checker-compat-qual-2.0.0.jar
7f4b40017000-7f4b4045d000 rw-p 00000000 00:00 0 
7f4b4045d000-7f4b40637000 r--s 03d68000 08:05 6824650                    /usr/lib/jvm/java-8-oracle/jre/lib/rt.jar
7f4b40637000-7f4b40dfe000 rw-p 00000000 00:00 0 
7f4b40dfe000-7f4b40dff000 ---p 00000000 00:00 0 
7f4b40dff000-7f4b40eff000 rw-p 00000000 00:00 0 
7f4b40eff000-7f4b40f00000 ---p 00000000 00:00 0 
7f4b40f00000-7f4b41000000 rw-p 00000000 00:00 0 
7f4b41000000-7f4b41740000 rwxp 00000000 00:00 0 
7f4b41740000-7f4b50000000 ---p 00000000 00:00 0 
7f4b50000000-7f4b50d49000 rw-p 00000000 00:00 0 
7f4b50d49000-7f4b54000000 ---p 00000000 00:00 0 
7f4b54000000-7f4b54001000 r--s 00014000 08:05 137666                     /home/lisa/.m2/repository/com/squareup/okio/okio/1.14.1/okio-1.14.1.jar
7f4b54001000-7f4b54004000 r--s 00006000 08:05 137650                     /home/lisa/.m2/repository/com/google/code/findbugs/jsr305/1.3.9/jsr305-1.3.9.jar
7f4b54004000-7f4b54009000 r--s 00036000 08:05 137646                     /home/lisa/.m2/repository/com/google/code/gson/gson/2.8.4/gson-2.8.4.jar
7f4b54009000-7f4b5400b000 r--s 0000e000 08:05 136582                     /home/lisa/.m2/repository/commons-logging/commons-logging/1.2/commons-logging-1.2.jar
7f4b5400b000-7f4b54012000 r--s 0003f000 08:05 136568                     /home/lisa/.m2/repository/commons-codec/commons-codec/1.10/commons-codec-1.10.jar
7f4b54012000-7f4b54017000 r--s 00021000 08:05 137642                     /home/lisa/.m2/repository/org/seleniumhq/selenium/selenium-support/3.13.0/selenium-support-3.13.0.jar
7f4b54017000-7f4b540fd000 rw-p 00000000 00:00 0 
7f4b540fd000-7f4b540fe000 ---p 00000000 00:00 0 
7f4b540fe000-7f4b541fe000 rw-p 00000000 00:00 0 
7f4b541fe000-7f4b541ff000 ---p 00000000 00:00 0 
7f4b541ff000-7f4b54323000 rw-p 00000000 00:00 0 
7f4b54323000-7f4b5482f000 ---p 00000000 00:00 0 
7f4b5482f000-7f4b54853000 rw-p 00000000 00:00 0 
7f4b54853000-7f4b54d5e000 ---p 00000000 00:00 0 
7f4b54d5e000-7f4b54d88000 rw-p 00000000 00:00 0 
7f4b54d88000-7f4b54ff6000 ---p 00000000 00:00 0 
7f4b54ff6000-7f4b55014000 rw-p 00000000 00:00 0 
7f4b55014000-7f4b553b7000 ---p 00000000 00:00 0 
7f4b553b7000-7f4b553d2000 r-xp 00000000 08:05 6824862                    /usr/lib/jvm/java-8-oracle/jre/lib/amd64/libzip.so
7f4b553d2000-7f4b555d2000 ---p 0001b000 08:05 6824862                    /usr/lib/jvm/java-8-oracle/jre/lib/amd64/libzip.so
7f4b555d2000-7f4b555d3000 rw-p 0001b000 08:05 6824862                    /usr/lib/jvm/java-8-oracle/jre/lib/amd64/libzip.so
7f4b555d3000-7f4b555de000 r-xp 00000000 08:05 6034141                    /lib/x86_64-linux-gnu/libnss_files-2.27.so
7f4b555de000-7f4b557dd000 ---p 0000b000 08:05 6034141                    /lib/x86_64-linux-gnu/libnss_files-2.27.so
7f4b557dd000-7f4b557de000 r--p 0000a000 08:05 6034141                    /lib/x86_64-linux-gnu/libnss_files-2.27.so
7f4b557de000-7f4b557df000 rw-p 0000b000 08:05 6034141                    /lib/x86_64-linux-gnu/libnss_files-2.27.so
7f4b557df000-7f4b557e5000 rw-p 00000000 00:00 0 
7f4b557e5000-7f4b557fc000 r-xp 00000000 08:05 6034135                    /lib/x86_64-linux-gnu/libnsl-2.27.so
7f4b557fc000-7f4b559fb000 ---p 00017000 08:05 6034135                    /lib/x86_64-linux-gnu/libnsl-2.27.so
7f4b559fb000-7f4b559fc000 r--p 00016000 08:05 6034135                    /lib/x86_64-linux-gnu/libnsl-2.27.so
7f4b559fc000-7f4b559fd000 rw-p 00017000 08:05 6034135                    /lib/x86_64-linux-gnu/libnsl-2.27.so
7f4b559fd000-7f4b559ff000 rw-p 00000000 00:00 0 
7f4b559ff000-7f4b55a0a000 r-xp 00000000 08:05 6034151                    /lib/x86_64-linux-gnu/libnss_nis-2.27.so
7f4b55a0a000-7f4b55c09000 ---p 0000b000 08:05 6034151                    /lib/x86_64-linux-gnu/libnss_nis-2.27.so
7f4b55c09000-7f4b55c0a000 r--p 0000a000 08:05 6034151                    /lib/x86_64-linux-gnu/libnss_nis-2.27.so
7f4b55c0a000-7f4b55c0b000 rw-p 0000b000 08:05 6034151                    /lib/x86_64-linux-gnu/libnss_nis-2.27.so
7f4b55c0b000-7f4b55c13000 r-xp 00000000 08:05 6034137                    /lib/x86_64-linux-gnu/libnss_compat-2.27.so
7f4b55c13000-7f4b55e13000 ---p 00008000 08:05 6034137                    /lib/x86_64-linux-gnu/libnss_compat-2.27.so
7f4b55e13000-7f4b55e14000 r--p 00008000 08:05 6034137                    /lib/x86_64-linux-gnu/libnss_compat-2.27.so
7f4b55e14000-7f4b55e15000 rw-p 00009000 08:05 6034137                    /lib/x86_64-linux-gnu/libnss_compat-2.27.so
7f4b55e15000-7f4b560f4000 r--p 00000000 08:05 6429927                    /usr/lib/locale/locale-archive
7f4b560f4000-7f4b560f6000 r-xp 00000000 08:05 6824831                    /usr/lib/jvm/java-8-oracle/jre/lib/amd64/libnpt.so
7f4b560f6000-7f4b562f6000 ---p 00002000 08:05 6824831                    /usr/lib/jvm/java-8-oracle/jre/lib/amd64/libnpt.so
7f4b562f6000-7f4b562f7000 rw-p 00002000 08:05 6824831                    /usr/lib/jvm/java-8-oracle/jre/lib/amd64/libnpt.so
7f4b562f7000-7f4b56331000 r-xp 00000000 08:05 6824849                    /usr/lib/jvm/java-8-oracle/jre/lib/amd64/libjdwp.so
7f4b56331000-7f4b56530000 ---p 0003a000 08:05 6824849                    /usr/lib/jvm/java-8-oracle/jre/lib/amd64/libjdwp.so
7f4b56530000-7f4b56531000 rw-p 00039000 08:05 6824849                    /usr/lib/jvm/java-8-oracle/jre/lib/amd64/libjdwp.so
7f4b56531000-7f4b56532000 rw-p 00000000 00:00 0 
7f4b56532000-7f4b5655d000 r-xp 00000000 08:05 6824856                    /usr/lib/jvm/java-8-oracle/jre/lib/amd64/libjava.so
7f4b5655d000-7f4b5675c000 ---p 0002b000 08:05 6824856                    /usr/lib/jvm/java-8-oracle/jre/lib/amd64/libjava.so
7f4b5675c000-7f4b5675e000 rw-p 0002a000 08:05 6824856                    /usr/lib/jvm/java-8-oracle/jre/lib/amd64/libjava.so
7f4b5675e000-7f4b5676b000 r-xp 00000000 08:05 6824861                    /usr/lib/jvm/java-8-oracle/jre/lib/amd64/libverify.so
7f4b5676b000-7f4b5696b000 ---p 0000d000 08:05 6824861                    /usr/lib/jvm/java-8-oracle/jre/lib/amd64/libverify.so
7f4b5696b000-7f4b5696d000 rw-p 0000d000 08:05 6824861                    /usr/lib/jvm/java-8-oracle/jre/lib/amd64/libverify.so
7f4b5696d000-7f4b56974000 r-xp 00000000 08:05 6034191                    /lib/x86_64-linux-gnu/librt-2.27.so
7f4b56974000-7f4b56b73000 ---p 00007000 08:05 6034191                    /lib/x86_64-linux-gnu/librt-2.27.so
7f4b56b73000-7f4b56b74000 r--p 00006000 08:05 6034191                    /lib/x86_64-linux-gnu/librt-2.27.so
7f4b56b74000-7f4b56b75000 rw-p 00007000 08:05 6034191                    /lib/x86_64-linux-gnu/librt-2.27.so
7f4b56b75000-7f4b56d12000 r-xp 00000000 08:05 6034114                    /lib/x86_64-linux-gnu/libm-2.27.so
7f4b56d12000-7f4b56f11000 ---p 0019d000 08:05 6034114                    /lib/x86_64-linux-gnu/libm-2.27.so
7f4b56f11000-7f4b56f12000 r--p 0019c000 08:05 6034114                    /lib/x86_64-linux-gnu/libm-2.27.so
7f4b56f12000-7f4b56f13000 rw-p 0019d000 08:05 6034114                    /lib/x86_64-linux-gnu/libm-2.27.so
7f4b56f13000-7f4b57bec000 r-xp 00000000 08:05 6824838                    /usr/lib/jvm/java-8-oracle/jre/lib/amd64/server/libjvm.so
7f4b57bec000-7f4b57deb000 ---p 00cd9000 08:05 6824838                    /usr/lib/jvm/java-8-oracle/jre/lib/amd64/server/libjvm.so
7f4b57deb000-7f4b57ec5000 rw-p 00cd8000 08:05 6824838                    /usr/lib/jvm/java-8-oracle/jre/lib/amd64/server/libjvm.so
7f4b57ec5000-7f4b57f10000 rw-p 00000000 00:00 0 
7f4b57f10000-7f4b580f7000 r-xp 00000000 08:05 6034051                    /lib/x86_64-linux-gnu/libc-2.27.so
7f4b580f7000-7f4b582f7000 ---p 001e7000 08:05 6034051                    /lib/x86_64-linux-gnu/libc-2.27.so
7f4b582f7000-7f4b582fb000 r--p 001e7000 08:05 6034051                    /lib/x86_64-linux-gnu/libc-2.27.so
7f4b582fb000-7f4b582fd000 rw-p 001eb000 08:05 6034051                    /lib/x86_64-linux-gnu/libc-2.27.so
7f4b582fd000-7f4b58301000 rw-p 00000000 00:00 0 
7f4b58301000-7f4b58304000 r-xp 00000000 08:05 6034074                    /lib/x86_64-linux-gnu/libdl-2.27.so
7f4b58304000-7f4b58503000 ---p 00003000 08:05 6034074                    /lib/x86_64-linux-gnu/libdl-2.27.so
7f4b58503000-7f4b58504000 r--p 00002000 08:05 6034074                    /lib/x86_64-linux-gnu/libdl-2.27.so
7f4b58504000-7f4b58505000 rw-p 00003000 08:05 6034074                    /lib/x86_64-linux-gnu/libdl-2.27.so
7f4b58505000-7f4b5851b000 r-xp 00000000 08:05 6693154                    /usr/lib/jvm/java-8-oracle/lib/amd64/jli/libjli.so
7f4b5851b000-7f4b5871a000 ---p 00016000 08:05 6693154                    /usr/lib/jvm/java-8-oracle/lib/amd64/jli/libjli.so
7f4b5871a000-7f4b5871b000 rw-p 00015000 08:05 6693154                    /usr/lib/jvm/java-8-oracle/lib/amd64/jli/libjli.so
7f4b5871b000-7f4b58735000 r-xp 00000000 08:05 6034183                    /lib/x86_64-linux-gnu/libpthread-2.27.so
7f4b58735000-7f4b58934000 ---p 0001a000 08:05 6034183                    /lib/x86_64-linux-gnu/libpthread-2.27.so
7f4b58934000-7f4b58935000 r--p 00019000 08:05 6034183                    /lib/x86_64-linux-gnu/libpthread-2.27.so
7f4b58935000-7f4b58936000 rw-p 0001a000 08:05 6034183                    /lib/x86_64-linux-gnu/libpthread-2.27.so
7f4b58936000-7f4b5893a000 rw-p 00000000 00:00 0 
7f4b5893a000-7f4b58961000 r-xp 00000000 08:05 6034023                    /lib/x86_64-linux-gnu/ld-2.27.so
7f4b58961000-7f4b58963000 r--s 0000c000 08:05 136554                     /home/lisa/.m2/repository/org/apache/commons/commons-exec/1.3/commons-exec-1.3.jar
7f4b58963000-7f4b58965000 r--s 00001000 08:05 137640                     /home/lisa/.m2/repository/org/seleniumhq/selenium/selenium-safari-driver/3.13.0/selenium-safari-driver-3.13.0.jar
7f4b58965000-7f4b5896c000 r--s 0005c000 08:05 137638                     /home/lisa/.m2/repository/org/seleniumhq/selenium/selenium-remote-driver/3.13.0/selenium-remote-driver-3.13.0.jar
7f4b5896c000-7f4b58a3d000 rw-p 00000000 00:00 0 
7f4b58a3d000-7f4b58a3e000 ---p 00000000 00:00 0 
7f4b58a3e000-7f4b58a41000 ---p 00000000 00:00 0 
7f4b58a41000-7f4b58b42000 rw-p 00000000 00:00 0 
7f4b58b42000-7f4b58b43000 r--s 00000000 08:05 137658                     /home/lisa/.m2/repository/org/codehaus/mojo/animal-sniffer-annotations/1.14/animal-sniffer-annotations-1.14.jar
7f4b58b43000-7f4b58b45000 r--s 00001000 08:05 137636                     /home/lisa/.m2/repository/org/seleniumhq/selenium/selenium-opera-driver/3.13.0/selenium-opera-driver-3.13.0.jar
7f4b58b45000-7f4b58b46000 r--s 00003000 08:05 137634                     /home/lisa/.m2/repository/org/seleniumhq/selenium/selenium-ie-driver/3.13.0/selenium-ie-driver-3.13.0.jar
7f4b58b46000-7f4b58b47000 r--s 000c3000 08:05 137632                     /home/lisa/.m2/repository/org/seleniumhq/selenium/selenium-firefox-driver/3.13.0/selenium-firefox-driver-3.13.0.jar
7f4b58b47000-7f4b58b48000 r--s 00001000 08:05 137630                     /home/lisa/.m2/repository/org/seleniumhq/selenium/selenium-edge-driver/3.13.0/selenium-edge-driver-3.13.0.jar
7f4b58b48000-7f4b58b49000 r--s 00002000 08:05 137628                     /home/lisa/.m2/repository/org/seleniumhq/selenium/selenium-chrome-driver/3.13.0/selenium-chrome-driver-3.13.0.jar
7f4b58b49000-7f4b58b4e000 r--s 00018000 08:05 137626                     /home/lisa/.m2/repository/org/seleniumhq/selenium/selenium-api/3.13.0/selenium-api-3.13.0.jar
7f4b58b4e000-7f4b58b4f000 r--s 00000000 08:05 137624                     /home/lisa/.m2/repository/org/seleniumhq/selenium/selenium-java/3.13.0/selenium-java-3.13.0.jar
7f4b58b4f000-7f4b58b57000 r--s 00048000 08:05 530378                     /home/lisa/ApplicazioniLisa/eclipse/configuration/org.eclipse.osgi/984/0/.cp/lib/testng-remote.jar
7f4b58b57000-7f4b58b5f000 rw-s 00000000 08:05 3024981                    /tmp/hsperfdata_lisa/26390
7f4b58b5f000-7f4b58b60000 rw-p 00000000 00:00 0 
7f4b58b60000-7f4b58b61000 r--p 00000000 00:00 0 
7f4b58b61000-7f4b58b62000 r--p 00027000 08:05 6034023                    /lib/x86_64-linux-gnu/ld-2.27.so
7f4b58b62000-7f4b58b63000 rw-p 00028000 08:05 6034023                    /lib/x86_64-linux-gnu/ld-2.27.so
7f4b58b63000-7f4b58b64000 rw-p 00000000 00:00 0 
7ffcfa5f2000-7ffcfa614000 rw-p 00000000 00:00 0                          [stack]
7ffcfa7b1000-7ffcfa7b4000 r--p 00000000 00:00 0                          [vvar]
7ffcfa7b4000-7ffcfa7b6000 r-xp 00000000 00:00 0                          [vdso]
ffffffffff600000-ffffffffff601000 r-xp 00000000 00:00 0                  [vsyscall]

VM Arguments:
jvm_args: -agentlib:jdwp=transport=dt_socket,suspend=y,address=localhost:35505 -ea -Dfile.encoding=UTF-8 
java_command: org.testng.remote.RemoteTestNG -serport 46129 -protocol json -d /home/lisa/vodafone_selenium/vodafone-selenium-form/test-output /home/lisa/vodafone_selenium/vodafone-selenium-form/src/test/java/azioni/testngCreaCaso.xml
java_class_path (initial): /home/lisa/ApplicazioniLisa/eclipse/configuration/org.eclipse.osgi/984/0/.cp/lib/testng-remote.jar:/home/lisa/vodafone_selenium/vodafone-selenium-form/target/test-classes:/home/lisa/vodafone_selenium/vodafone-selenium-form/target/classes:/usr/lib/jvm/jdk1.8.0_171/src.zip:/home/lisa/.m2/repository/org/seleniumhq/selenium/selenium-java/3.13.0/selenium-java-3.13.0.jar:/home/lisa/.m2/repository/org/seleniumhq/selenium/selenium-api/3.13.0/selenium-api-3.13.0.jar:/home/lisa/.m2/repository/org/seleniumhq/selenium/selenium-chrome-driver/3.13.0/selenium-chrome-driver-3.13.0.jar:/home/lisa/.m2/repository/org/seleniumhq/selenium/selenium-edge-driver/3.13.0/selenium-edge-driver-3.13.0.jar:/home/lisa/.m2/repository/org/seleniumhq/selenium/selenium-firefox-driver/3.13.0/selenium-firefox-driver-3.13.0.jar:/home/lisa/.m2/repository/org/seleniumhq/selenium/selenium-ie-driver/3.13.0/selenium-ie-driver-3.13.0.jar:/home/lisa/.m2/repository/org/seleniumhq/selenium/selenium-opera-driver/3.13.0/selenium-opera-driver-3.13.0.jar:/home/lisa/.m2/repository/org/seleniumhq/selenium/selenium-remote-driver/3.13.0/selenium-remote-driver-3.13.0.jar:/home/lisa/.m2/repository/org/seleniumhq/selenium/selenium-safari-driver/3.13.0/selenium-safari-driver-3.13.0.jar:/home/lisa/.m2/repository/org/seleniumhq/selenium/selenium-support/3.13.0/selenium-support-3.13.0.jar:/home/lisa/.m2/repository/net/bytebuddy/byte-buddy/1.8.3/byte-buddy-1.8.3.jar:/home/lisa/.m2/repository/org/apache/commons/commons-exec/1.3/commons-exec-1.3.jar:/home/lisa/.m2/repository/commons-codec/commons-codec/1.10/commons-codec-1.10.jar:/home/lisa/.m2/repository/commons-logging/commons-logging/1.2/commons-logging-1.2.jar:/home/lisa/.m2/repository/com/google/code/gson/gson/2.8.4/gson-2.8.4.jar:/home/lisa/.m2/repository/com/google/guava/guava/25.0-jre/guava-25.0-jre.jar:/home/lisa/.m2/repository/com/google/code/findbugs/jsr305/1.3.9/jsr305-1.3.9.jar:/home/lisa/.m2/repository/org/checkerframework/checker-compat
Launcher Type: SUN_STANDARD

Environment Variables:
JAVA_HOME=/usr/lib/jvm/java-8-oracle
PATH=/usr/local/sbin:/usr/local/bin:/usr/sbin:/usr/bin:/sbin:/bin:/usr/games:/usr/local/games:/snap/bin:/usr/lib/jvm/java-8-oracle/bin:/usr/lib/jvm/java-8-oracle/db/bin:/usr/lib/jvm/java-8-oracle/jre/bin
SHELL=/bin/bash
DISPLAY=:0

Signal Handlers:
SIGSEGV: [libjvm.so+0xad0890], sa_mask[0]=11111111011111111101111111111110, sa_flags=SA_RESTART|SA_SIGINFO
SIGBUS: [libjvm.so+0xad0890], sa_mask[0]=11111111011111111101111111111110, sa_flags=SA_RESTART|SA_SIGINFO
SIGFPE: [libjvm.so+0x928640], sa_mask[0]=11111111011111111101111111111110, sa_flags=SA_RESTART|SA_SIGINFO
SIGPIPE: [libjvm.so+0x928640], sa_mask[0]=11111111011111111101111111111110, sa_flags=SA_RESTART|SA_SIGINFO
SIGXFSZ: [libjvm.so+0x928640], sa_mask[0]=11111111011111111101111111111110, sa_flags=SA_RESTART|SA_SIGINFO
SIGILL: [libjvm.so+0x928640], sa_mask[0]=11111111011111111101111111111110, sa_flags=SA_RESTART|SA_SIGINFO
SIGUSR1: SIG_DFL, sa_mask[0]=00000000000000000000000000000000, sa_flags=none
SIGUSR2: [libjvm.so+0x929ea0], sa_mask[0]=00100000000000000000000000000000, sa_flags=SA_RESTART|SA_SIGINFO
SIGHUP: [libjvm.so+0x92b2a0], sa_mask[0]=11111111011111111101111111111110, sa_flags=SA_RESTART|SA_SIGINFO
SIGINT: [libjvm.so+0x92b2a0], sa_mask[0]=11111111011111111101111111111110, sa_flags=SA_RESTART|SA_SIGINFO
SIGTERM: [libjvm.so+0x92b2a0], sa_mask[0]=11111111011111111101111111111110, sa_flags=SA_RESTART|SA_SIGINFO
SIGQUIT: [libjvm.so+0x92b2a0], sa_mask[0]=11111111011111111101111111111110, sa_flags=SA_RESTART|SA_SIGINFO


---------------  S Y S T E M  ---------------

OS:DISTRIB_ID=Ubuntu
DISTRIB_RELEASE=18.04
DISTRIB_CODENAME=bionic
DISTRIB_DESCRIPTION="Ubuntu 18.04 LTS"

uname:Linux 4.15.0-23-generic #25-Ubuntu SMP Wed May 23 18:02:16 UTC 2018 x86_64
libc:glibc 2.27 NPTL 2.27 
rlimit: STACK 8192k, CORE 0k, NPROC 63294, NOFILE 1048576, AS infinity
load average:2,18 1,87 1,72

/proc/meminfo:
MemTotal:       16304952 kB
MemFree:         4821436 kB
MemAvailable:    8413672 kB
Buffers:          492548 kB
Cached:          3327696 kB
SwapCached:            0 kB
Active:          8432800 kB
Inactive:        2320004 kB
Active(anon):    6683356 kB
Inactive(anon):   520264 kB
Active(file):    1749444 kB
Inactive(file):  1799740 kB
Unevictable:           0 kB
Mlocked:               0 kB
SwapTotal:       2097148 kB
SwapFree:        2097148 kB
Dirty:              5396 kB
Writeback:          3136 kB
AnonPages:       6932640 kB
Mapped:           803484 kB
Shmem:            523160 kB
Slab:             467472 kB
SReclaimable:     381280 kB
SUnreclaim:        86192 kB
KernelStack:       22992 kB
PageTables:       113720 kB
NFS_Unstable:          0 kB
Bounce:                0 kB
WritebackTmp:          0 kB
CommitLimit:    10249624 kB
Committed_AS:   18297908 kB
VmallocTotal:   34359738367 kB
VmallocUsed:           0 kB
VmallocChunk:          0 kB
HardwareCorrupted:     0 kB
AnonHugePages:         0 kB
ShmemHugePages:        0 kB
ShmemPmdMapped:        0 kB
CmaTotal:              0 kB
CmaFree:               0 kB
HugePages_Total:       0
HugePages_Free:        0
HugePages_Rsvd:        0
HugePages_Surp:        0
Hugepagesize:       2048 kB
DirectMap4k:      323856 kB
DirectMap2M:    14235648 kB
DirectMap1G:     2097152 kB


CPU:total 4 (initial active 4) (2 cores per cpu, 2 threads per core) family 6 model 142 stepping 9, cmov, cx8, fxsr, mmx, sse, sse2, sse3, ssse3, sse4.1, sse4.2, popcnt, avx, avx2, aes, clmul, erms, rtm, 3dnowpref, lzcnt, ht, tsc, tscinvbit, bmi1, bmi2, adx

/proc/cpuinfo:
processor	: 0
vendor_id	: GenuineIntel
cpu family	: 6
model		: 142
model name	: Intel(R) Core(TM) i7-7600U CPU @ 2.80GHz
stepping	: 9
microcode	: 0x84
cpu MHz		: 3662.323
cache size	: 4096 KB
physical id	: 0
siblings	: 4
core id		: 0
cpu cores	: 2
apicid		: 0
initial apicid	: 0
fpu		: yes
fpu_exception	: yes
cpuid level	: 22
wp		: yes
flags		: fpu vme de pse tsc msr pae mce cx8 apic sep mtrr pge mca cmov pat pse36 clflush dts acpi mmx fxsr sse sse2 ss ht tm pbe syscall nx pdpe1gb rdtscp lm constant_tsc art arch_perfmon pebs bts rep_good nopl xtopology nonstop_tsc cpuid aperfmperf tsc_known_freq pni pclmulqdq dtes64 monitor ds_cpl vmx smx est tm2 ssse3 sdbg fma cx16 xtpr pdcm pcid sse4_1 sse4_2 x2apic movbe popcnt tsc_deadline_timer aes xsave avx f16c rdrand lahf_lm abm 3dnowprefetch cpuid_fault epb invpcid_single pti ibrs ibpb stibp tpr_shadow vnmi flexpriority ept vpid fsgsbase tsc_adjust bmi1 hle avx2 smep bmi2 erms invpcid rtm mpx rdseed adx smap clflushopt intel_pt xsaveopt xsavec xgetbv1 xsaves dtherm ida arat pln pts hwp hwp_notify hwp_act_window hwp_epp
bugs		: cpu_meltdown spectre_v1 spectre_v2 spec_store_bypass
bogomips	: 5808.00
clflush size	: 64
cache_alignment	: 64
address sizes	: 39 bits physical, 48 bits virtual
power management:

processor	: 1
vendor_id	: GenuineIntel
cpu family	: 6
model		: 142
model name	: Intel(R) Core(TM) i7-7600U CPU @ 2.80GHz
stepping	: 9
microcode	: 0x84
cpu MHz		: 3764.069
cache size	: 4096 KB
physical id	: 0
siblings	: 4
core id		: 1
cpu cores	: 2
apicid		: 2
initial apicid	: 2
fpu		: yes
fpu_exception	: yes
cpuid level	: 22
wp		: yes
flags		: fpu vme de pse tsc msr pae mce cx8 apic sep mtrr pge mca cmov pat pse36 clflush dts acpi mmx fxsr sse sse2 ss ht tm pbe syscall nx pdpe1gb rdtscp lm constant_tsc art arch_perfmon pebs bts rep_good nopl xtopology nonstop_tsc cpuid aperfmperf tsc_known_freq pni pclmulqdq dtes64 monitor ds_cpl vmx smx est tm2 ssse3 sdbg fma cx16 xtpr pdcm pcid sse4_1 sse4_2 x2apic movbe popcnt tsc_deadline_timer aes xsave avx f16c rdrand lahf_lm abm 3dnowprefetch cpuid_fault epb invpcid_single pti ibrs ibpb stibp tpr_shadow vnmi flexpriority ept vpid fsgsbase tsc_adjust bmi1 hle avx2 smep bmi2 erms invpcid rtm mpx rdseed adx smap clflushopt intel_pt xsaveopt xsavec xgetbv1 xsaves dtherm ida arat pln pts hwp hwp_notify hwp_act_window hwp_epp
bugs		: cpu_meltdown spectre_v1 spectre_v2 spec_store_bypass
bogomips	: 5808.00
clflush size	: 64
cache_alignment	: 64
address sizes	: 39 bits physical, 48 bits virtual
power management:

processor	: 2
vendor_id	: GenuineIntel
cpu family	: 6
model		: 142
model name	: Intel(R) Core(TM) i7-7600U CPU @ 2.80GHz
stepping	: 9
microcode	: 0x84
cpu MHz		: 3575.713
cache size	: 4096 KB
physical id	: 0
siblings	: 4
core id		: 0
cpu cores	: 2
apicid		: 1
initial apicid	: 1
fpu		: yes
fpu_exception	: yes
cpuid level	: 22
wp		: yes
flags		: fpu vme de pse tsc msr pae mce cx8 apic sep mtrr pge mca cmov pat pse36 clflush dts acpi mmx fxsr sse sse2 ss ht tm pbe syscall nx pdpe1gb rdtscp lm constant_tsc art arch_perfmon pebs bts rep_good nopl xtopology nonstop_tsc cpuid aperfmperf tsc_known_freq pni pclmulqdq dtes64 monitor ds_cpl vmx smx est tm2 ssse3 sdbg fma cx16 xtpr pdcm pcid sse4_1 sse4_2 x2apic movbe popcnt tsc_deadline_timer aes xsave avx f16c rdrand lahf_lm abm 3dnowprefetch cpuid_fault epb invpcid_single pti ibrs ibpb stibp tpr_shadow vnmi flexpriority ept vpid fsgsbase tsc_adjust bmi1 hle avx2 smep bmi2 erms invpcid rtm mpx rdseed adx smap clflushopt intel_pt xsaveopt xsavec xgetbv1 xsaves dtherm ida arat pln pts hwp hwp_notify hwp_act_window hwp_epp
bugs		: cpu_meltdown spectre_v1 spectre_v2 spec_store_bypass
bogomips	: 5808.00
clflush size	: 64
cache_alignment	: 64
address sizes	: 39 bits physical, 48 bits virtual
power management:

processor	: 3
vendor_id	: GenuineIntel
cpu family	: 6
model		: 142
model name	: Intel(R) Core(TM) i7-7600U CPU @ 2.80GHz
stepping	: 9
microcode	: 0x84
cpu MHz		: 3762.251
cache size	: 4096 KB
physical id	: 0
siblings	: 4
core id		: 1
cpu cores	: 2
apicid		: 3
initial apicid	: 3
fpu		: yes
fpu_exception	: yes
cpuid level	: 22
wp		: yes
flags		: fpu vme de pse tsc msr pae mce cx8 apic sep mtrr pge mca cmov pat pse36 clflush dts acpi mmx fxsr sse sse2 ss ht tm pbe syscall nx pdpe1gb rdtscp lm constant_tsc art arch_perfmon pebs bts rep_good nopl xtopology nonstop_tsc cpuid aperfmperf tsc_known_freq pni pclmulqdq dtes64 monitor ds_cpl vmx smx est tm2 ssse3 sdbg fma cx16 xtpr pdcm pcid sse4_1 sse4_2 x2apic movbe popcnt tsc_deadline_timer aes xsave avx f16c rdrand lahf_lm abm 3dnowprefetch cpuid_fault epb invpcid_single pti ibrs ibpb stibp tpr_shadow vnmi flexpriority ept vpid fsgsbase tsc_adjust bmi1 hle avx2 smep bmi2 erms invpcid rtm mpx rdseed adx smap clflushopt intel_pt xsaveopt xsavec xgetbv1 xsaves dtherm ida arat pln pts hwp hwp_notify hwp_act_window hwp_epp
bugs		: cpu_meltdown spectre_v1 spectre_v2 spec_store_bypass
bogomips	: 5808.00
clflush size	: 64
cache_alignment	: 64
address sizes	: 39 bits physical, 48 bits virtual
power management:



Memory: 4k page, physical 16304952k(4821436k free), swap 2097148k(2097148k free)

vm_info: Java HotSpot(TM) 64-Bit Server VM (25.171-b11) for linux-amd64 JRE (1.8.0_171-b11), built on Mar 28 2018 17:07:08 by "java_re" with gcc 4.3.0 20080428 (Red Hat 4.3.0-8)

time: Fri Jul 20 17:19:44 2018
elapsed time: 37 seconds (0d 0h 0m 37s)

